The system is: Linux - 6.2.0-36-generic - x86_64
Compiling the C compiler identification source file "CMakeCCompilerId.c" succeeded.
Compiler: /opt/spacemit-ai-sdk.v1.0.1/spacemit-gcc/bin/riscv64-unknown-linux-gnu-gcc 
Build flags: 
Id flags:  

The output was:
0


Compilation of the C compiler identification source "CMakeCCompilerId.c" produced "a.out"

The C compiler identification is GNU, found in "/home/qinhongjie/workspace/bianbu-ai-support/demo/build/CMakeFiles/3.22.1/CompilerIdC/a.out"

Compiling the CXX compiler identification source file "CMakeCXXCompilerId.cpp" succeeded.
Compiler: /opt/spacemit-ai-sdk.v1.0.1/spacemit-gcc/bin/riscv64-unknown-linux-gnu-g++ 
Build flags: 
Id flags:  

The output was:
0


Compilation of the CXX compiler identification source "CMakeCXXCompilerId.cpp" produced "a.out"

The CXX compiler identification is GNU, found in "/home/qinhongjie/workspace/bianbu-ai-support/demo/build/CMakeFiles/3.22.1/CompilerIdCXX/a.out"

Detecting C compiler ABI info compiled with the following output:
Change Dir: /home/qinhongjie/workspace/bianbu-ai-support/demo/build/CMakeFiles/CMakeTmp

Run Build Command(s):/usr/bin/gmake -f Makefile cmTC_3e55f/fast && /usr/bin/gmake  -f CMakeFiles/cmTC_3e55f.dir/build.make CMakeFiles/cmTC_3e55f.dir/build
gmake[1]: Entering directory '/home/qinhongjie/workspace/bianbu-ai-support/demo/build/CMakeFiles/CMakeTmp'
Building C object CMakeFiles/cmTC_3e55f.dir/CMakeCCompilerABI.c.o
/opt/spacemit-ai-sdk.v1.0.1/spacemit-gcc/bin/riscv64-unknown-linux-gnu-gcc --sysroot=/opt/spacemit-ai-sdk.v1.0.1/spacemit-gcc/sysroot   -v -o CMakeFiles/cmTC_3e55f.dir/CMakeCCompilerABI.c.o -c /usr/share/cmake-3.22/Modules/CMakeCCompilerABI.c
Using built-in specs.
COLLECT_GCC=/opt/spacemit-ai-sdk.v1.0.1/spacemit-gcc/bin/riscv64-unknown-linux-gnu-gcc
Target: riscv64-unknown-linux-gnu
Configured with: /root/ci/workspace/gcc_version_build/build_centos/../gcc/configure --target=riscv64-unknown-linux-gnu --prefix=/root/ci/workspace/gcc_version_build/gcc_install/centos --with-sysroot=/root/ci/workspace/gcc_version_build/gcc_install/centos/sysroot --with-pkgversion=g3b60f8d8d32 --with-system-zlib --enable-shared --enable-tls --enable-languages=c,c++,fortran --disable-libmudflap --disable-libssp --disable-libquadmath --disable-libsanitizer --disable-nls --disable-bootstrap --src=../../gcc --enable-multilib --with-abi=lp64d --with-arch=rv64imafdc --with-tune=rocket --with-isa-spec=20191213 'CFLAGS_FOR_TARGET=-O2    -mcmodel=medany' 'CXXFLAGS_FOR_TARGET=-O2    -mcmodel=medany'
Thread model: posix
Supported LTO compression algorithms: zlib
gcc version 13.1.1 20230619 (g3b60f8d8d32) 
COLLECT_GCC_OPTIONS='--sysroot=/opt/spacemit-ai-sdk.v1.0.1/spacemit-gcc/sysroot' '-v' '-o' 'CMakeFiles/cmTC_3e55f.dir/CMakeCCompilerABI.c.o' '-c' '-mtune=rocket' '-march=rv64imafdc_zicsr' '-mabi=lp64d' '-misa-spec=20191213' '-march=rv64imafdc_zicsr' '-dumpdir' 'CMakeFiles/cmTC_3e55f.dir/'
 /opt/spacemit-ai-sdk.v1.0.1/spacemit-gcc/bin/../libexec/gcc/riscv64-unknown-linux-gnu/13.1.1/cc1 -quiet -v -imultilib . -iprefix /opt/spacemit-ai-sdk.v1.0.1/spacemit-gcc/bin/../lib/gcc/riscv64-unknown-linux-gnu/13.1.1/ -isysroot /opt/spacemit-ai-sdk.v1.0.1/spacemit-gcc/sysroot /usr/share/cmake-3.22/Modules/CMakeCCompilerABI.c -quiet -dumpdir CMakeFiles/cmTC_3e55f.dir/ -dumpbase CMakeCCompilerABI.c.c -dumpbase-ext .c -mtune=rocket -march=rv64imafdc_zicsr -mabi=lp64d -misa-spec=20191213 -march=rv64imafdc_zicsr -version -o /tmp/ccIjw7pE.s
GNU C17 (g3b60f8d8d32) version 13.1.1 20230619 (riscv64-unknown-linux-gnu)
	compiled by GNU C version 8.3.1 20190311 (Red Hat 8.3.1-3), GMP version 6.2.1, MPFR version 4.1.0, MPC version 1.2.1, isl version isl-0.18-GMP

GGC heuristics: --param ggc-min-expand=100 --param ggc-min-heapsize=131072
ignoring duplicate directory "/opt/spacemit-ai-sdk.v1.0.1/spacemit-gcc/bin/../lib/gcc/../../lib/gcc/riscv64-unknown-linux-gnu/13.1.1/include"
ignoring nonexistent directory "/opt/spacemit-ai-sdk.v1.0.1/spacemit-gcc/sysroot/usr/local/include"
ignoring duplicate directory "/opt/spacemit-ai-sdk.v1.0.1/spacemit-gcc/bin/../lib/gcc/../../lib/gcc/riscv64-unknown-linux-gnu/13.1.1/include-fixed"
ignoring duplicate directory "/opt/spacemit-ai-sdk.v1.0.1/spacemit-gcc/bin/../lib/gcc/../../lib/gcc/riscv64-unknown-linux-gnu/13.1.1/../../../../riscv64-unknown-linux-gnu/include"
#include "..." search starts here:
#include <...> search starts here:
 /opt/spacemit-ai-sdk.v1.0.1/spacemit-gcc/bin/../lib/gcc/riscv64-unknown-linux-gnu/13.1.1/include
 /opt/spacemit-ai-sdk.v1.0.1/spacemit-gcc/bin/../lib/gcc/riscv64-unknown-linux-gnu/13.1.1/include-fixed
 /opt/spacemit-ai-sdk.v1.0.1/spacemit-gcc/bin/../lib/gcc/riscv64-unknown-linux-gnu/13.1.1/../../../../riscv64-unknown-linux-gnu/include
 /opt/spacemit-ai-sdk.v1.0.1/spacemit-gcc/sysroot/usr/include
End of search list.
Compiler executable checksum: a33654697be3fc592f68e2e2705a825d
COLLECT_GCC_OPTIONS='--sysroot=/opt/spacemit-ai-sdk.v1.0.1/spacemit-gcc/sysroot' '-v' '-o' 'CMakeFiles/cmTC_3e55f.dir/CMakeCCompilerABI.c.o' '-c' '-mtune=rocket' '-march=rv64imafdc_zicsr' '-mabi=lp64d' '-misa-spec=20191213' '-march=rv64imafdc_zicsr' '-dumpdir' 'CMakeFiles/cmTC_3e55f.dir/'
 /opt/spacemit-ai-sdk.v1.0.1/spacemit-gcc/bin/../lib/gcc/riscv64-unknown-linux-gnu/13.1.1/../../../../riscv64-unknown-linux-gnu/bin/as -v --traditional-format -march=rv64imafdc_zicsr -march=rv64imafdc_zicsr -mabi=lp64d -misa-spec=20191213 -o CMakeFiles/cmTC_3e55f.dir/CMakeCCompilerABI.c.o /tmp/ccIjw7pE.s
GNU assembler version 2.41.50 (riscv64-unknown-linux-gnu) using BFD version (GNU Binutils) 2.41.50.20230814
COMPILER_PATH=/opt/spacemit-ai-sdk.v1.0.1/spacemit-gcc/bin/../libexec/gcc/riscv64-unknown-linux-gnu/13.1.1/:/opt/spacemit-ai-sdk.v1.0.1/spacemit-gcc/bin/../libexec/gcc/:/opt/spacemit-ai-sdk.v1.0.1/spacemit-gcc/bin/../lib/gcc/riscv64-unknown-linux-gnu/13.1.1/../../../../riscv64-unknown-linux-gnu/bin/
LIBRARY_PATH=/opt/spacemit-ai-sdk.v1.0.1/spacemit-gcc/bin/../lib/gcc/riscv64-unknown-linux-gnu/13.1.1/:/opt/spacemit-ai-sdk.v1.0.1/spacemit-gcc/bin/../lib/gcc/:/opt/spacemit-ai-sdk.v1.0.1/spacemit-gcc/bin/../lib/gcc/riscv64-unknown-linux-gnu/13.1.1/../../../../riscv64-unknown-linux-gnu/lib/:/opt/spacemit-ai-sdk.v1.0.1/spacemit-gcc/sysroot/lib64/lp64d/:/opt/spacemit-ai-sdk.v1.0.1/spacemit-gcc/sysroot/usr/lib64/lp64d/:/opt/spacemit-ai-sdk.v1.0.1/spacemit-gcc/sysroot/lib/
COLLECT_GCC_OPTIONS='--sysroot=/opt/spacemit-ai-sdk.v1.0.1/spacemit-gcc/sysroot' '-v' '-o' 'CMakeFiles/cmTC_3e55f.dir/CMakeCCompilerABI.c.o' '-c' '-mtune=rocket' '-march=rv64imafdc_zicsr' '-mabi=lp64d' '-misa-spec=20191213' '-march=rv64imafdc_zicsr' '-dumpdir' 'CMakeFiles/cmTC_3e55f.dir/CMakeCCompilerABI.c.'
Linking C executable cmTC_3e55f
/usr/bin/cmake -E cmake_link_script CMakeFiles/cmTC_3e55f.dir/link.txt --verbose=1
/opt/spacemit-ai-sdk.v1.0.1/spacemit-gcc/bin/riscv64-unknown-linux-gnu-gcc --sysroot=/opt/spacemit-ai-sdk.v1.0.1/spacemit-gcc/sysroot  -v CMakeFiles/cmTC_3e55f.dir/CMakeCCompilerABI.c.o -o cmTC_3e55f 
Using built-in specs.
COLLECT_GCC=/opt/spacemit-ai-sdk.v1.0.1/spacemit-gcc/bin/riscv64-unknown-linux-gnu-gcc
COLLECT_LTO_WRAPPER=/opt/spacemit-ai-sdk.v1.0.1/spacemit-gcc/bin/../libexec/gcc/riscv64-unknown-linux-gnu/13.1.1/lto-wrapper
Target: riscv64-unknown-linux-gnu
Configured with: /root/ci/workspace/gcc_version_build/build_centos/../gcc/configure --target=riscv64-unknown-linux-gnu --prefix=/root/ci/workspace/gcc_version_build/gcc_install/centos --with-sysroot=/root/ci/workspace/gcc_version_build/gcc_install/centos/sysroot --with-pkgversion=g3b60f8d8d32 --with-system-zlib --enable-shared --enable-tls --enable-languages=c,c++,fortran --disable-libmudflap --disable-libssp --disable-libquadmath --disable-libsanitizer --disable-nls --disable-bootstrap --src=../../gcc --enable-multilib --with-abi=lp64d --with-arch=rv64imafdc --with-tune=rocket --with-isa-spec=20191213 'CFLAGS_FOR_TARGET=-O2    -mcmodel=medany' 'CXXFLAGS_FOR_TARGET=-O2    -mcmodel=medany'
Thread model: posix
Supported LTO compression algorithms: zlib
gcc version 13.1.1 20230619 (g3b60f8d8d32) 
COMPILER_PATH=/opt/spacemit-ai-sdk.v1.0.1/spacemit-gcc/bin/../libexec/gcc/riscv64-unknown-linux-gnu/13.1.1/:/opt/spacemit-ai-sdk.v1.0.1/spacemit-gcc/bin/../libexec/gcc/:/opt/spacemit-ai-sdk.v1.0.1/spacemit-gcc/bin/../lib/gcc/riscv64-unknown-linux-gnu/13.1.1/../../../../riscv64-unknown-linux-gnu/bin/
LIBRARY_PATH=/opt/spacemit-ai-sdk.v1.0.1/spacemit-gcc/bin/../lib/gcc/riscv64-unknown-linux-gnu/13.1.1/:/opt/spacemit-ai-sdk.v1.0.1/spacemit-gcc/bin/../lib/gcc/:/opt/spacemit-ai-sdk.v1.0.1/spacemit-gcc/bin/../lib/gcc/riscv64-unknown-linux-gnu/13.1.1/../../../../riscv64-unknown-linux-gnu/lib/:/opt/spacemit-ai-sdk.v1.0.1/spacemit-gcc/sysroot/lib64/lp64d/:/opt/spacemit-ai-sdk.v1.0.1/spacemit-gcc/sysroot/usr/lib64/lp64d/:/opt/spacemit-ai-sdk.v1.0.1/spacemit-gcc/sysroot/lib/
COLLECT_GCC_OPTIONS='--sysroot=/opt/spacemit-ai-sdk.v1.0.1/spacemit-gcc/sysroot' '-v' '-o' 'cmTC_3e55f' '-mtune=rocket' '-march=rv64imafdc_zicsr' '-mabi=lp64d' '-misa-spec=20191213' '-march=rv64imafdc_zicsr' '-dumpdir' 'cmTC_3e55f.'
 /opt/spacemit-ai-sdk.v1.0.1/spacemit-gcc/bin/../libexec/gcc/riscv64-unknown-linux-gnu/13.1.1/collect2 -plugin /opt/spacemit-ai-sdk.v1.0.1/spacemit-gcc/bin/../libexec/gcc/riscv64-unknown-linux-gnu/13.1.1/liblto_plugin.so -plugin-opt=/opt/spacemit-ai-sdk.v1.0.1/spacemit-gcc/bin/../libexec/gcc/riscv64-unknown-linux-gnu/13.1.1/lto-wrapper -plugin-opt=-fresolution=/tmp/ccOqD7i2.res -plugin-opt=-pass-through=-lgcc -plugin-opt=-pass-through=-lgcc_s -plugin-opt=-pass-through=-lc -plugin-opt=-pass-through=-lgcc -plugin-opt=-pass-through=-lgcc_s --sysroot=/opt/spacemit-ai-sdk.v1.0.1/spacemit-gcc/sysroot --eh-frame-hdr -melf64lriscv -dynamic-linker /lib/ld-linux-riscv64-lp64d.so.1 -o cmTC_3e55f /opt/spacemit-ai-sdk.v1.0.1/spacemit-gcc/sysroot/usr/lib64/lp64d/crt1.o /opt/spacemit-ai-sdk.v1.0.1/spacemit-gcc/bin/../lib/gcc/riscv64-unknown-linux-gnu/13.1.1/crti.o /opt/spacemit-ai-sdk.v1.0.1/spacemit-gcc/bin/../lib/gcc/riscv64-unknown-linux-gnu/13.1.1/crtbegin.o -L/opt/spacemit-ai-sdk.v1.0.1/spacemit-gcc/bin/../lib/gcc/riscv64-unknown-linux-gnu/13.1.1 -L/opt/spacemit-ai-sdk.v1.0.1/spacemit-gcc/bin/../lib/gcc -L/opt/spacemit-ai-sdk.v1.0.1/spacemit-gcc/bin/../lib/gcc/riscv64-unknown-linux-gnu/13.1.1/../../../../riscv64-unknown-linux-gnu/lib -L/opt/spacemit-ai-sdk.v1.0.1/spacemit-gcc/sysroot/lib64/lp64d -L/opt/spacemit-ai-sdk.v1.0.1/spacemit-gcc/sysroot/usr/lib64/lp64d -L/opt/spacemit-ai-sdk.v1.0.1/spacemit-gcc/sysroot/lib CMakeFiles/cmTC_3e55f.dir/CMakeCCompilerABI.c.o -lgcc --push-state --as-needed -lgcc_s --pop-state -lc -lgcc --push-state --as-needed -lgcc_s --pop-state /opt/spacemit-ai-sdk.v1.0.1/spacemit-gcc/bin/../lib/gcc/riscv64-unknown-linux-gnu/13.1.1/crtend.o /opt/spacemit-ai-sdk.v1.0.1/spacemit-gcc/bin/../lib/gcc/riscv64-unknown-linux-gnu/13.1.1/crtn.o
COLLECT_GCC_OPTIONS='--sysroot=/opt/spacemit-ai-sdk.v1.0.1/spacemit-gcc/sysroot' '-v' '-o' 'cmTC_3e55f' '-mtune=rocket' '-march=rv64imafdc_zicsr' '-mabi=lp64d' '-misa-spec=20191213' '-march=rv64imafdc_zicsr' '-dumpdir' 'cmTC_3e55f.'
gmake[1]: Leaving directory '/home/qinhongjie/workspace/bianbu-ai-support/demo/build/CMakeFiles/CMakeTmp'



Parsed C implicit include dir info from above output: rv=done
  found start of include info
  found start of implicit include info
    add: [/opt/spacemit-ai-sdk.v1.0.1/spacemit-gcc/bin/../lib/gcc/riscv64-unknown-linux-gnu/13.1.1/include]
    add: [/opt/spacemit-ai-sdk.v1.0.1/spacemit-gcc/bin/../lib/gcc/riscv64-unknown-linux-gnu/13.1.1/include-fixed]
    add: [/opt/spacemit-ai-sdk.v1.0.1/spacemit-gcc/bin/../lib/gcc/riscv64-unknown-linux-gnu/13.1.1/../../../../riscv64-unknown-linux-gnu/include]
    add: [/opt/spacemit-ai-sdk.v1.0.1/spacemit-gcc/sysroot/usr/include]
  end of search list found
  collapse include dir [/opt/spacemit-ai-sdk.v1.0.1/spacemit-gcc/bin/../lib/gcc/riscv64-unknown-linux-gnu/13.1.1/include] ==> [/opt/spacemit-ai-sdk.v1.0.1/spacemit-gcc/lib/gcc/riscv64-unknown-linux-gnu/13.1.1/include]
  collapse include dir [/opt/spacemit-ai-sdk.v1.0.1/spacemit-gcc/bin/../lib/gcc/riscv64-unknown-linux-gnu/13.1.1/include-fixed] ==> [/opt/spacemit-ai-sdk.v1.0.1/spacemit-gcc/lib/gcc/riscv64-unknown-linux-gnu/13.1.1/include-fixed]
  collapse include dir [/opt/spacemit-ai-sdk.v1.0.1/spacemit-gcc/bin/../lib/gcc/riscv64-unknown-linux-gnu/13.1.1/../../../../riscv64-unknown-linux-gnu/include] ==> [/opt/spacemit-ai-sdk.v1.0.1/spacemit-gcc/riscv64-unknown-linux-gnu/include]
  collapse include dir [/opt/spacemit-ai-sdk.v1.0.1/spacemit-gcc/sysroot/usr/include] ==> [/opt/spacemit-ai-sdk.v1.0.1/spacemit-gcc/sysroot/usr/include]
  implicit include dirs: [/opt/spacemit-ai-sdk.v1.0.1/spacemit-gcc/lib/gcc/riscv64-unknown-linux-gnu/13.1.1/include;/opt/spacemit-ai-sdk.v1.0.1/spacemit-gcc/lib/gcc/riscv64-unknown-linux-gnu/13.1.1/include-fixed;/opt/spacemit-ai-sdk.v1.0.1/spacemit-gcc/riscv64-unknown-linux-gnu/include;/opt/spacemit-ai-sdk.v1.0.1/spacemit-gcc/sysroot/usr/include]


Parsed C implicit link information from above output:
  link line regex: [^( *|.*[/\])(riscv64-unknown-linux-gnu-ld|CMAKE_LINK_STARTFILE-NOTFOUND|([^/\]+-)?ld|collect2)[^/\]*( |$)]
  ignore line: [Change Dir: /home/qinhongjie/workspace/bianbu-ai-support/demo/build/CMakeFiles/CMakeTmp]
  ignore line: []
  ignore line: [Run Build Command(s):/usr/bin/gmake -f Makefile cmTC_3e55f/fast && /usr/bin/gmake  -f CMakeFiles/cmTC_3e55f.dir/build.make CMakeFiles/cmTC_3e55f.dir/build]
  ignore line: [gmake[1]: Entering directory '/home/qinhongjie/workspace/bianbu-ai-support/demo/build/CMakeFiles/CMakeTmp']
  ignore line: [Building C object CMakeFiles/cmTC_3e55f.dir/CMakeCCompilerABI.c.o]
  ignore line: [/opt/spacemit-ai-sdk.v1.0.1/spacemit-gcc/bin/riscv64-unknown-linux-gnu-gcc --sysroot=/opt/spacemit-ai-sdk.v1.0.1/spacemit-gcc/sysroot   -v -o CMakeFiles/cmTC_3e55f.dir/CMakeCCompilerABI.c.o -c /usr/share/cmake-3.22/Modules/CMakeCCompilerABI.c]
  ignore line: [Using built-in specs.]
  ignore line: [COLLECT_GCC=/opt/spacemit-ai-sdk.v1.0.1/spacemit-gcc/bin/riscv64-unknown-linux-gnu-gcc]
  ignore line: [Target: riscv64-unknown-linux-gnu]
  ignore line: [Configured with: /root/ci/workspace/gcc_version_build/build_centos/../gcc/configure --target=riscv64-unknown-linux-gnu --prefix=/root/ci/workspace/gcc_version_build/gcc_install/centos --with-sysroot=/root/ci/workspace/gcc_version_build/gcc_install/centos/sysroot --with-pkgversion=g3b60f8d8d32 --with-system-zlib --enable-shared --enable-tls --enable-languages=c c++ fortran --disable-libmudflap --disable-libssp --disable-libquadmath --disable-libsanitizer --disable-nls --disable-bootstrap --src=../../gcc --enable-multilib --with-abi=lp64d --with-arch=rv64imafdc --with-tune=rocket --with-isa-spec=20191213 'CFLAGS_FOR_TARGET=-O2    -mcmodel=medany' 'CXXFLAGS_FOR_TARGET=-O2    -mcmodel=medany']
  ignore line: [Thread model: posix]
  ignore line: [Supported LTO compression algorithms: zlib]
  ignore line: [gcc version 13.1.1 20230619 (g3b60f8d8d32) ]
  ignore line: [COLLECT_GCC_OPTIONS='--sysroot=/opt/spacemit-ai-sdk.v1.0.1/spacemit-gcc/sysroot' '-v' '-o' 'CMakeFiles/cmTC_3e55f.dir/CMakeCCompilerABI.c.o' '-c' '-mtune=rocket' '-march=rv64imafdc_zicsr' '-mabi=lp64d' '-misa-spec=20191213' '-march=rv64imafdc_zicsr' '-dumpdir' 'CMakeFiles/cmTC_3e55f.dir/']
  ignore line: [ /opt/spacemit-ai-sdk.v1.0.1/spacemit-gcc/bin/../libexec/gcc/riscv64-unknown-linux-gnu/13.1.1/cc1 -quiet -v -imultilib . -iprefix /opt/spacemit-ai-sdk.v1.0.1/spacemit-gcc/bin/../lib/gcc/riscv64-unknown-linux-gnu/13.1.1/ -isysroot /opt/spacemit-ai-sdk.v1.0.1/spacemit-gcc/sysroot /usr/share/cmake-3.22/Modules/CMakeCCompilerABI.c -quiet -dumpdir CMakeFiles/cmTC_3e55f.dir/ -dumpbase CMakeCCompilerABI.c.c -dumpbase-ext .c -mtune=rocket -march=rv64imafdc_zicsr -mabi=lp64d -misa-spec=20191213 -march=rv64imafdc_zicsr -version -o /tmp/ccIjw7pE.s]
  ignore line: [GNU C17 (g3b60f8d8d32) version 13.1.1 20230619 (riscv64-unknown-linux-gnu)]
  ignore line: [	compiled by GNU C version 8.3.1 20190311 (Red Hat 8.3.1-3)  GMP version 6.2.1  MPFR version 4.1.0  MPC version 1.2.1  isl version isl-0.18-GMP]
  ignore line: []
  ignore line: [GGC heuristics: --param ggc-min-expand=100 --param ggc-min-heapsize=131072]
  ignore line: [ignoring duplicate directory "/opt/spacemit-ai-sdk.v1.0.1/spacemit-gcc/bin/../lib/gcc/../../lib/gcc/riscv64-unknown-linux-gnu/13.1.1/include"]
  ignore line: [ignoring nonexistent directory "/opt/spacemit-ai-sdk.v1.0.1/spacemit-gcc/sysroot/usr/local/include"]
  ignore line: [ignoring duplicate directory "/opt/spacemit-ai-sdk.v1.0.1/spacemit-gcc/bin/../lib/gcc/../../lib/gcc/riscv64-unknown-linux-gnu/13.1.1/include-fixed"]
  ignore line: [ignoring duplicate directory "/opt/spacemit-ai-sdk.v1.0.1/spacemit-gcc/bin/../lib/gcc/../../lib/gcc/riscv64-unknown-linux-gnu/13.1.1/../../../../riscv64-unknown-linux-gnu/include"]
  ignore line: [#include "..." search starts here:]
  ignore line: [#include <...> search starts here:]
  ignore line: [ /opt/spacemit-ai-sdk.v1.0.1/spacemit-gcc/bin/../lib/gcc/riscv64-unknown-linux-gnu/13.1.1/include]
  ignore line: [ /opt/spacemit-ai-sdk.v1.0.1/spacemit-gcc/bin/../lib/gcc/riscv64-unknown-linux-gnu/13.1.1/include-fixed]
  ignore line: [ /opt/spacemit-ai-sdk.v1.0.1/spacemit-gcc/bin/../lib/gcc/riscv64-unknown-linux-gnu/13.1.1/../../../../riscv64-unknown-linux-gnu/include]
  ignore line: [ /opt/spacemit-ai-sdk.v1.0.1/spacemit-gcc/sysroot/usr/include]
  ignore line: [End of search list.]
  ignore line: [Compiler executable checksum: a33654697be3fc592f68e2e2705a825d]
  ignore line: [COLLECT_GCC_OPTIONS='--sysroot=/opt/spacemit-ai-sdk.v1.0.1/spacemit-gcc/sysroot' '-v' '-o' 'CMakeFiles/cmTC_3e55f.dir/CMakeCCompilerABI.c.o' '-c' '-mtune=rocket' '-march=rv64imafdc_zicsr' '-mabi=lp64d' '-misa-spec=20191213' '-march=rv64imafdc_zicsr' '-dumpdir' 'CMakeFiles/cmTC_3e55f.dir/']
  ignore line: [ /opt/spacemit-ai-sdk.v1.0.1/spacemit-gcc/bin/../lib/gcc/riscv64-unknown-linux-gnu/13.1.1/../../../../riscv64-unknown-linux-gnu/bin/as -v --traditional-format -march=rv64imafdc_zicsr -march=rv64imafdc_zicsr -mabi=lp64d -misa-spec=20191213 -o CMakeFiles/cmTC_3e55f.dir/CMakeCCompilerABI.c.o /tmp/ccIjw7pE.s]
  ignore line: [GNU assembler version 2.41.50 (riscv64-unknown-linux-gnu) using BFD version (GNU Binutils) 2.41.50.20230814]
  ignore line: [COMPILER_PATH=/opt/spacemit-ai-sdk.v1.0.1/spacemit-gcc/bin/../libexec/gcc/riscv64-unknown-linux-gnu/13.1.1/:/opt/spacemit-ai-sdk.v1.0.1/spacemit-gcc/bin/../libexec/gcc/:/opt/spacemit-ai-sdk.v1.0.1/spacemit-gcc/bin/../lib/gcc/riscv64-unknown-linux-gnu/13.1.1/../../../../riscv64-unknown-linux-gnu/bin/]
  ignore line: [LIBRARY_PATH=/opt/spacemit-ai-sdk.v1.0.1/spacemit-gcc/bin/../lib/gcc/riscv64-unknown-linux-gnu/13.1.1/:/opt/spacemit-ai-sdk.v1.0.1/spacemit-gcc/bin/../lib/gcc/:/opt/spacemit-ai-sdk.v1.0.1/spacemit-gcc/bin/../lib/gcc/riscv64-unknown-linux-gnu/13.1.1/../../../../riscv64-unknown-linux-gnu/lib/:/opt/spacemit-ai-sdk.v1.0.1/spacemit-gcc/sysroot/lib64/lp64d/:/opt/spacemit-ai-sdk.v1.0.1/spacemit-gcc/sysroot/usr/lib64/lp64d/:/opt/spacemit-ai-sdk.v1.0.1/spacemit-gcc/sysroot/lib/]
  ignore line: [COLLECT_GCC_OPTIONS='--sysroot=/opt/spacemit-ai-sdk.v1.0.1/spacemit-gcc/sysroot' '-v' '-o' 'CMakeFiles/cmTC_3e55f.dir/CMakeCCompilerABI.c.o' '-c' '-mtune=rocket' '-march=rv64imafdc_zicsr' '-mabi=lp64d' '-misa-spec=20191213' '-march=rv64imafdc_zicsr' '-dumpdir' 'CMakeFiles/cmTC_3e55f.dir/CMakeCCompilerABI.c.']
  ignore line: [Linking C executable cmTC_3e55f]
  ignore line: [/usr/bin/cmake -E cmake_link_script CMakeFiles/cmTC_3e55f.dir/link.txt --verbose=1]
  ignore line: [/opt/spacemit-ai-sdk.v1.0.1/spacemit-gcc/bin/riscv64-unknown-linux-gnu-gcc --sysroot=/opt/spacemit-ai-sdk.v1.0.1/spacemit-gcc/sysroot  -v CMakeFiles/cmTC_3e55f.dir/CMakeCCompilerABI.c.o -o cmTC_3e55f ]
  ignore line: [Using built-in specs.]
  ignore line: [COLLECT_GCC=/opt/spacemit-ai-sdk.v1.0.1/spacemit-gcc/bin/riscv64-unknown-linux-gnu-gcc]
  ignore line: [COLLECT_LTO_WRAPPER=/opt/spacemit-ai-sdk.v1.0.1/spacemit-gcc/bin/../libexec/gcc/riscv64-unknown-linux-gnu/13.1.1/lto-wrapper]
  ignore line: [Target: riscv64-unknown-linux-gnu]
  ignore line: [Configured with: /root/ci/workspace/gcc_version_build/build_centos/../gcc/configure --target=riscv64-unknown-linux-gnu --prefix=/root/ci/workspace/gcc_version_build/gcc_install/centos --with-sysroot=/root/ci/workspace/gcc_version_build/gcc_install/centos/sysroot --with-pkgversion=g3b60f8d8d32 --with-system-zlib --enable-shared --enable-tls --enable-languages=c c++ fortran --disable-libmudflap --disable-libssp --disable-libquadmath --disable-libsanitizer --disable-nls --disable-bootstrap --src=../../gcc --enable-multilib --with-abi=lp64d --with-arch=rv64imafdc --with-tune=rocket --with-isa-spec=20191213 'CFLAGS_FOR_TARGET=-O2    -mcmodel=medany' 'CXXFLAGS_FOR_TARGET=-O2    -mcmodel=medany']
  ignore line: [Thread model: posix]
  ignore line: [Supported LTO compression algorithms: zlib]
  ignore line: [gcc version 13.1.1 20230619 (g3b60f8d8d32) ]
  ignore line: [COMPILER_PATH=/opt/spacemit-ai-sdk.v1.0.1/spacemit-gcc/bin/../libexec/gcc/riscv64-unknown-linux-gnu/13.1.1/:/opt/spacemit-ai-sdk.v1.0.1/spacemit-gcc/bin/../libexec/gcc/:/opt/spacemit-ai-sdk.v1.0.1/spacemit-gcc/bin/../lib/gcc/riscv64-unknown-linux-gnu/13.1.1/../../../../riscv64-unknown-linux-gnu/bin/]
  ignore line: [LIBRARY_PATH=/opt/spacemit-ai-sdk.v1.0.1/spacemit-gcc/bin/../lib/gcc/riscv64-unknown-linux-gnu/13.1.1/:/opt/spacemit-ai-sdk.v1.0.1/spacemit-gcc/bin/../lib/gcc/:/opt/spacemit-ai-sdk.v1.0.1/spacemit-gcc/bin/../lib/gcc/riscv64-unknown-linux-gnu/13.1.1/../../../../riscv64-unknown-linux-gnu/lib/:/opt/spacemit-ai-sdk.v1.0.1/spacemit-gcc/sysroot/lib64/lp64d/:/opt/spacemit-ai-sdk.v1.0.1/spacemit-gcc/sysroot/usr/lib64/lp64d/:/opt/spacemit-ai-sdk.v1.0.1/spacemit-gcc/sysroot/lib/]
  ignore line: [COLLECT_GCC_OPTIONS='--sysroot=/opt/spacemit-ai-sdk.v1.0.1/spacemit-gcc/sysroot' '-v' '-o' 'cmTC_3e55f' '-mtune=rocket' '-march=rv64imafdc_zicsr' '-mabi=lp64d' '-misa-spec=20191213' '-march=rv64imafdc_zicsr' '-dumpdir' 'cmTC_3e55f.']
  link line: [ /opt/spacemit-ai-sdk.v1.0.1/spacemit-gcc/bin/../libexec/gcc/riscv64-unknown-linux-gnu/13.1.1/collect2 -plugin /opt/spacemit-ai-sdk.v1.0.1/spacemit-gcc/bin/../libexec/gcc/riscv64-unknown-linux-gnu/13.1.1/liblto_plugin.so -plugin-opt=/opt/spacemit-ai-sdk.v1.0.1/spacemit-gcc/bin/../libexec/gcc/riscv64-unknown-linux-gnu/13.1.1/lto-wrapper -plugin-opt=-fresolution=/tmp/ccOqD7i2.res -plugin-opt=-pass-through=-lgcc -plugin-opt=-pass-through=-lgcc_s -plugin-opt=-pass-through=-lc -plugin-opt=-pass-through=-lgcc -plugin-opt=-pass-through=-lgcc_s --sysroot=/opt/spacemit-ai-sdk.v1.0.1/spacemit-gcc/sysroot --eh-frame-hdr -melf64lriscv -dynamic-linker /lib/ld-linux-riscv64-lp64d.so.1 -o cmTC_3e55f /opt/spacemit-ai-sdk.v1.0.1/spacemit-gcc/sysroot/usr/lib64/lp64d/crt1.o /opt/spacemit-ai-sdk.v1.0.1/spacemit-gcc/bin/../lib/gcc/riscv64-unknown-linux-gnu/13.1.1/crti.o /opt/spacemit-ai-sdk.v1.0.1/spacemit-gcc/bin/../lib/gcc/riscv64-unknown-linux-gnu/13.1.1/crtbegin.o -L/opt/spacemit-ai-sdk.v1.0.1/spacemit-gcc/bin/../lib/gcc/riscv64-unknown-linux-gnu/13.1.1 -L/opt/spacemit-ai-sdk.v1.0.1/spacemit-gcc/bin/../lib/gcc -L/opt/spacemit-ai-sdk.v1.0.1/spacemit-gcc/bin/../lib/gcc/riscv64-unknown-linux-gnu/13.1.1/../../../../riscv64-unknown-linux-gnu/lib -L/opt/spacemit-ai-sdk.v1.0.1/spacemit-gcc/sysroot/lib64/lp64d -L/opt/spacemit-ai-sdk.v1.0.1/spacemit-gcc/sysroot/usr/lib64/lp64d -L/opt/spacemit-ai-sdk.v1.0.1/spacemit-gcc/sysroot/lib CMakeFiles/cmTC_3e55f.dir/CMakeCCompilerABI.c.o -lgcc --push-state --as-needed -lgcc_s --pop-state -lc -lgcc --push-state --as-needed -lgcc_s --pop-state /opt/spacemit-ai-sdk.v1.0.1/spacemit-gcc/bin/../lib/gcc/riscv64-unknown-linux-gnu/13.1.1/crtend.o /opt/spacemit-ai-sdk.v1.0.1/spacemit-gcc/bin/../lib/gcc/riscv64-unknown-linux-gnu/13.1.1/crtn.o]
    arg [/opt/spacemit-ai-sdk.v1.0.1/spacemit-gcc/bin/../libexec/gcc/riscv64-unknown-linux-gnu/13.1.1/collect2] ==> ignore
    arg [-plugin] ==> ignore
    arg [/opt/spacemit-ai-sdk.v1.0.1/spacemit-gcc/bin/../libexec/gcc/riscv64-unknown-linux-gnu/13.1.1/liblto_plugin.so] ==> ignore
    arg [-plugin-opt=/opt/spacemit-ai-sdk.v1.0.1/spacemit-gcc/bin/../libexec/gcc/riscv64-unknown-linux-gnu/13.1.1/lto-wrapper] ==> ignore
    arg [-plugin-opt=-fresolution=/tmp/ccOqD7i2.res] ==> ignore
    arg [-plugin-opt=-pass-through=-lgcc] ==> ignore
    arg [-plugin-opt=-pass-through=-lgcc_s] ==> ignore
    arg [-plugin-opt=-pass-through=-lc] ==> ignore
    arg [-plugin-opt=-pass-through=-lgcc] ==> ignore
    arg [-plugin-opt=-pass-through=-lgcc_s] ==> ignore
    arg [--sysroot=/opt/spacemit-ai-sdk.v1.0.1/spacemit-gcc/sysroot] ==> ignore
    arg [--eh-frame-hdr] ==> ignore
    arg [-melf64lriscv] ==> ignore
    arg [-dynamic-linker] ==> ignore
    arg [/lib/ld-linux-riscv64-lp64d.so.1] ==> ignore
    arg [-o] ==> ignore
    arg [cmTC_3e55f] ==> ignore
    arg [/opt/spacemit-ai-sdk.v1.0.1/spacemit-gcc/sysroot/usr/lib64/lp64d/crt1.o] ==> obj [/opt/spacemit-ai-sdk.v1.0.1/spacemit-gcc/sysroot/usr/lib64/lp64d/crt1.o]
    arg [/opt/spacemit-ai-sdk.v1.0.1/spacemit-gcc/bin/../lib/gcc/riscv64-unknown-linux-gnu/13.1.1/crti.o] ==> obj [/opt/spacemit-ai-sdk.v1.0.1/spacemit-gcc/bin/../lib/gcc/riscv64-unknown-linux-gnu/13.1.1/crti.o]
    arg [/opt/spacemit-ai-sdk.v1.0.1/spacemit-gcc/bin/../lib/gcc/riscv64-unknown-linux-gnu/13.1.1/crtbegin.o] ==> obj [/opt/spacemit-ai-sdk.v1.0.1/spacemit-gcc/bin/../lib/gcc/riscv64-unknown-linux-gnu/13.1.1/crtbegin.o]
    arg [-L/opt/spacemit-ai-sdk.v1.0.1/spacemit-gcc/bin/../lib/gcc/riscv64-unknown-linux-gnu/13.1.1] ==> dir [/opt/spacemit-ai-sdk.v1.0.1/spacemit-gcc/bin/../lib/gcc/riscv64-unknown-linux-gnu/13.1.1]
    arg [-L/opt/spacemit-ai-sdk.v1.0.1/spacemit-gcc/bin/../lib/gcc] ==> dir [/opt/spacemit-ai-sdk.v1.0.1/spacemit-gcc/bin/../lib/gcc]
    arg [-L/opt/spacemit-ai-sdk.v1.0.1/spacemit-gcc/bin/../lib/gcc/riscv64-unknown-linux-gnu/13.1.1/../../../../riscv64-unknown-linux-gnu/lib] ==> dir [/opt/spacemit-ai-sdk.v1.0.1/spacemit-gcc/bin/../lib/gcc/riscv64-unknown-linux-gnu/13.1.1/../../../../riscv64-unknown-linux-gnu/lib]
    arg [-L/opt/spacemit-ai-sdk.v1.0.1/spacemit-gcc/sysroot/lib64/lp64d] ==> dir [/opt/spacemit-ai-sdk.v1.0.1/spacemit-gcc/sysroot/lib64/lp64d]
    arg [-L/opt/spacemit-ai-sdk.v1.0.1/spacemit-gcc/sysroot/usr/lib64/lp64d] ==> dir [/opt/spacemit-ai-sdk.v1.0.1/spacemit-gcc/sysroot/usr/lib64/lp64d]
    arg [-L/opt/spacemit-ai-sdk.v1.0.1/spacemit-gcc/sysroot/lib] ==> dir [/opt/spacemit-ai-sdk.v1.0.1/spacemit-gcc/sysroot/lib]
    arg [CMakeFiles/cmTC_3e55f.dir/CMakeCCompilerABI.c.o] ==> ignore
    arg [-lgcc] ==> lib [gcc]
    arg [--push-state] ==> ignore
    arg [--as-needed] ==> ignore
    arg [-lgcc_s] ==> lib [gcc_s]
    arg [--pop-state] ==> ignore
    arg [-lc] ==> lib [c]
    arg [-lgcc] ==> lib [gcc]
    arg [--push-state] ==> ignore
    arg [--as-needed] ==> ignore
    arg [-lgcc_s] ==> lib [gcc_s]
    arg [--pop-state] ==> ignore
    arg [/opt/spacemit-ai-sdk.v1.0.1/spacemit-gcc/bin/../lib/gcc/riscv64-unknown-linux-gnu/13.1.1/crtend.o] ==> obj [/opt/spacemit-ai-sdk.v1.0.1/spacemit-gcc/bin/../lib/gcc/riscv64-unknown-linux-gnu/13.1.1/crtend.o]
    arg [/opt/spacemit-ai-sdk.v1.0.1/spacemit-gcc/bin/../lib/gcc/riscv64-unknown-linux-gnu/13.1.1/crtn.o] ==> obj [/opt/spacemit-ai-sdk.v1.0.1/spacemit-gcc/bin/../lib/gcc/riscv64-unknown-linux-gnu/13.1.1/crtn.o]
  collapse obj [/opt/spacemit-ai-sdk.v1.0.1/spacemit-gcc/bin/../lib/gcc/riscv64-unknown-linux-gnu/13.1.1/crti.o] ==> [/opt/spacemit-ai-sdk.v1.0.1/spacemit-gcc/lib/gcc/riscv64-unknown-linux-gnu/13.1.1/crti.o]
  collapse obj [/opt/spacemit-ai-sdk.v1.0.1/spacemit-gcc/bin/../lib/gcc/riscv64-unknown-linux-gnu/13.1.1/crtbegin.o] ==> [/opt/spacemit-ai-sdk.v1.0.1/spacemit-gcc/lib/gcc/riscv64-unknown-linux-gnu/13.1.1/crtbegin.o]
  collapse obj [/opt/spacemit-ai-sdk.v1.0.1/spacemit-gcc/bin/../lib/gcc/riscv64-unknown-linux-gnu/13.1.1/crtend.o] ==> [/opt/spacemit-ai-sdk.v1.0.1/spacemit-gcc/lib/gcc/riscv64-unknown-linux-gnu/13.1.1/crtend.o]
  collapse obj [/opt/spacemit-ai-sdk.v1.0.1/spacemit-gcc/bin/../lib/gcc/riscv64-unknown-linux-gnu/13.1.1/crtn.o] ==> [/opt/spacemit-ai-sdk.v1.0.1/spacemit-gcc/lib/gcc/riscv64-unknown-linux-gnu/13.1.1/crtn.o]
  collapse library dir [/opt/spacemit-ai-sdk.v1.0.1/spacemit-gcc/bin/../lib/gcc/riscv64-unknown-linux-gnu/13.1.1] ==> [/opt/spacemit-ai-sdk.v1.0.1/spacemit-gcc/lib/gcc/riscv64-unknown-linux-gnu/13.1.1]
  collapse library dir [/opt/spacemit-ai-sdk.v1.0.1/spacemit-gcc/bin/../lib/gcc] ==> [/opt/spacemit-ai-sdk.v1.0.1/spacemit-gcc/lib/gcc]
  collapse library dir [/opt/spacemit-ai-sdk.v1.0.1/spacemit-gcc/bin/../lib/gcc/riscv64-unknown-linux-gnu/13.1.1/../../../../riscv64-unknown-linux-gnu/lib] ==> [/opt/spacemit-ai-sdk.v1.0.1/spacemit-gcc/riscv64-unknown-linux-gnu/lib]
  collapse library dir [/opt/spacemit-ai-sdk.v1.0.1/spacemit-gcc/sysroot/lib64/lp64d] ==> [/opt/spacemit-ai-sdk.v1.0.1/spacemit-gcc/sysroot/lib64/lp64d]
  collapse library dir [/opt/spacemit-ai-sdk.v1.0.1/spacemit-gcc/sysroot/usr/lib64/lp64d] ==> [/opt/spacemit-ai-sdk.v1.0.1/spacemit-gcc/sysroot/usr/lib64/lp64d]
  collapse library dir [/opt/spacemit-ai-sdk.v1.0.1/spacemit-gcc/sysroot/lib] ==> [/opt/spacemit-ai-sdk.v1.0.1/spacemit-gcc/sysroot/lib]
  implicit libs: [gcc;gcc_s;c;gcc;gcc_s]
  implicit objs: [/opt/spacemit-ai-sdk.v1.0.1/spacemit-gcc/sysroot/usr/lib64/lp64d/crt1.o;/opt/spacemit-ai-sdk.v1.0.1/spacemit-gcc/lib/gcc/riscv64-unknown-linux-gnu/13.1.1/crti.o;/opt/spacemit-ai-sdk.v1.0.1/spacemit-gcc/lib/gcc/riscv64-unknown-linux-gnu/13.1.1/crtbegin.o;/opt/spacemit-ai-sdk.v1.0.1/spacemit-gcc/lib/gcc/riscv64-unknown-linux-gnu/13.1.1/crtend.o;/opt/spacemit-ai-sdk.v1.0.1/spacemit-gcc/lib/gcc/riscv64-unknown-linux-gnu/13.1.1/crtn.o]
  implicit dirs: [/opt/spacemit-ai-sdk.v1.0.1/spacemit-gcc/lib/gcc/riscv64-unknown-linux-gnu/13.1.1;/opt/spacemit-ai-sdk.v1.0.1/spacemit-gcc/lib/gcc;/opt/spacemit-ai-sdk.v1.0.1/spacemit-gcc/riscv64-unknown-linux-gnu/lib;/opt/spacemit-ai-sdk.v1.0.1/spacemit-gcc/sysroot/lib64/lp64d;/opt/spacemit-ai-sdk.v1.0.1/spacemit-gcc/sysroot/usr/lib64/lp64d;/opt/spacemit-ai-sdk.v1.0.1/spacemit-gcc/sysroot/lib]
  implicit fwks: []


Detecting CXX compiler ABI info compiled with the following output:
Change Dir: /home/qinhongjie/workspace/bianbu-ai-support/demo/build/CMakeFiles/CMakeTmp

Run Build Command(s):/usr/bin/gmake -f Makefile cmTC_9bf74/fast && /usr/bin/gmake  -f CMakeFiles/cmTC_9bf74.dir/build.make CMakeFiles/cmTC_9bf74.dir/build
gmake[1]: Entering directory '/home/qinhongjie/workspace/bianbu-ai-support/demo/build/CMakeFiles/CMakeTmp'
Building CXX object CMakeFiles/cmTC_9bf74.dir/CMakeCXXCompilerABI.cpp.o
/opt/spacemit-ai-sdk.v1.0.1/spacemit-gcc/bin/riscv64-unknown-linux-gnu-g++ --sysroot=/opt/spacemit-ai-sdk.v1.0.1/spacemit-gcc/sysroot   -v -o CMakeFiles/cmTC_9bf74.dir/CMakeCXXCompilerABI.cpp.o -c /usr/share/cmake-3.22/Modules/CMakeCXXCompilerABI.cpp
Using built-in specs.
COLLECT_GCC=/opt/spacemit-ai-sdk.v1.0.1/spacemit-gcc/bin/riscv64-unknown-linux-gnu-g++
Target: riscv64-unknown-linux-gnu
Configured with: /root/ci/workspace/gcc_version_build/build_centos/../gcc/configure --target=riscv64-unknown-linux-gnu --prefix=/root/ci/workspace/gcc_version_build/gcc_install/centos --with-sysroot=/root/ci/workspace/gcc_version_build/gcc_install/centos/sysroot --with-pkgversion=g3b60f8d8d32 --with-system-zlib --enable-shared --enable-tls --enable-languages=c,c++,fortran --disable-libmudflap --disable-libssp --disable-libquadmath --disable-libsanitizer --disable-nls --disable-bootstrap --src=../../gcc --enable-multilib --with-abi=lp64d --with-arch=rv64imafdc --with-tune=rocket --with-isa-spec=20191213 'CFLAGS_FOR_TARGET=-O2    -mcmodel=medany' 'CXXFLAGS_FOR_TARGET=-O2    -mcmodel=medany'
Thread model: posix
Supported LTO compression algorithms: zlib
gcc version 13.1.1 20230619 (g3b60f8d8d32) 
COLLECT_GCC_OPTIONS='--sysroot=/opt/spacemit-ai-sdk.v1.0.1/spacemit-gcc/sysroot' '-v' '-o' 'CMakeFiles/cmTC_9bf74.dir/CMakeCXXCompilerABI.cpp.o' '-c' '-shared-libgcc' '-mtune=rocket' '-march=rv64imafdc_zicsr' '-mabi=lp64d' '-misa-spec=20191213' '-march=rv64imafdc_zicsr' '-dumpdir' 'CMakeFiles/cmTC_9bf74.dir/'
 /opt/spacemit-ai-sdk.v1.0.1/spacemit-gcc/bin/../libexec/gcc/riscv64-unknown-linux-gnu/13.1.1/cc1plus -quiet -v -imultilib . -iprefix /opt/spacemit-ai-sdk.v1.0.1/spacemit-gcc/bin/../lib/gcc/riscv64-unknown-linux-gnu/13.1.1/ -isysroot /opt/spacemit-ai-sdk.v1.0.1/spacemit-gcc/sysroot -D_GNU_SOURCE /usr/share/cmake-3.22/Modules/CMakeCXXCompilerABI.cpp -quiet -dumpdir CMakeFiles/cmTC_9bf74.dir/ -dumpbase CMakeCXXCompilerABI.cpp.cpp -dumpbase-ext .cpp -mtune=rocket -march=rv64imafdc_zicsr -mabi=lp64d -misa-spec=20191213 -march=rv64imafdc_zicsr -version -o /tmp/ccoDNzNu.s
GNU C++17 (g3b60f8d8d32) version 13.1.1 20230619 (riscv64-unknown-linux-gnu)
	compiled by GNU C version 8.3.1 20190311 (Red Hat 8.3.1-3), GMP version 6.2.1, MPFR version 4.1.0, MPC version 1.2.1, isl version isl-0.18-GMP

GGC heuristics: --param ggc-min-expand=100 --param ggc-min-heapsize=131072
ignoring duplicate directory "/opt/spacemit-ai-sdk.v1.0.1/spacemit-gcc/bin/../lib/gcc/../../lib/gcc/riscv64-unknown-linux-gnu/13.1.1/../../../../riscv64-unknown-linux-gnu/include/c++/13.1.1"
ignoring duplicate directory "/opt/spacemit-ai-sdk.v1.0.1/spacemit-gcc/bin/../lib/gcc/../../lib/gcc/riscv64-unknown-linux-gnu/13.1.1/../../../../riscv64-unknown-linux-gnu/include/c++/13.1.1/riscv64-unknown-linux-gnu/."
ignoring duplicate directory "/opt/spacemit-ai-sdk.v1.0.1/spacemit-gcc/bin/../lib/gcc/../../lib/gcc/riscv64-unknown-linux-gnu/13.1.1/../../../../riscv64-unknown-linux-gnu/include/c++/13.1.1/backward"
ignoring duplicate directory "/opt/spacemit-ai-sdk.v1.0.1/spacemit-gcc/bin/../lib/gcc/../../lib/gcc/riscv64-unknown-linux-gnu/13.1.1/include"
ignoring nonexistent directory "/opt/spacemit-ai-sdk.v1.0.1/spacemit-gcc/sysroot/usr/local/include"
ignoring duplicate directory "/opt/spacemit-ai-sdk.v1.0.1/spacemit-gcc/bin/../lib/gcc/../../lib/gcc/riscv64-unknown-linux-gnu/13.1.1/include-fixed"
ignoring duplicate directory "/opt/spacemit-ai-sdk.v1.0.1/spacemit-gcc/bin/../lib/gcc/../../lib/gcc/riscv64-unknown-linux-gnu/13.1.1/../../../../riscv64-unknown-linux-gnu/include"
#include "..." search starts here:
#include <...> search starts here:
 /opt/spacemit-ai-sdk.v1.0.1/spacemit-gcc/bin/../lib/gcc/riscv64-unknown-linux-gnu/13.1.1/../../../../riscv64-unknown-linux-gnu/include/c++/13.1.1
 /opt/spacemit-ai-sdk.v1.0.1/spacemit-gcc/bin/../lib/gcc/riscv64-unknown-linux-gnu/13.1.1/../../../../riscv64-unknown-linux-gnu/include/c++/13.1.1/riscv64-unknown-linux-gnu/.
 /opt/spacemit-ai-sdk.v1.0.1/spacemit-gcc/bin/../lib/gcc/riscv64-unknown-linux-gnu/13.1.1/../../../../riscv64-unknown-linux-gnu/include/c++/13.1.1/backward
 /opt/spacemit-ai-sdk.v1.0.1/spacemit-gcc/bin/../lib/gcc/riscv64-unknown-linux-gnu/13.1.1/include
 /opt/spacemit-ai-sdk.v1.0.1/spacemit-gcc/bin/../lib/gcc/riscv64-unknown-linux-gnu/13.1.1/include-fixed
 /opt/spacemit-ai-sdk.v1.0.1/spacemit-gcc/bin/../lib/gcc/riscv64-unknown-linux-gnu/13.1.1/../../../../riscv64-unknown-linux-gnu/include
 /opt/spacemit-ai-sdk.v1.0.1/spacemit-gcc/sysroot/usr/include
End of search list.
Compiler executable checksum: 8b239452b911809baa410cf0e16549e9
COLLECT_GCC_OPTIONS='--sysroot=/opt/spacemit-ai-sdk.v1.0.1/spacemit-gcc/sysroot' '-v' '-o' 'CMakeFiles/cmTC_9bf74.dir/CMakeCXXCompilerABI.cpp.o' '-c' '-shared-libgcc' '-mtune=rocket' '-march=rv64imafdc_zicsr' '-mabi=lp64d' '-misa-spec=20191213' '-march=rv64imafdc_zicsr' '-dumpdir' 'CMakeFiles/cmTC_9bf74.dir/'
 /opt/spacemit-ai-sdk.v1.0.1/spacemit-gcc/bin/../lib/gcc/riscv64-unknown-linux-gnu/13.1.1/../../../../riscv64-unknown-linux-gnu/bin/as -v --traditional-format -march=rv64imafdc_zicsr -march=rv64imafdc_zicsr -mabi=lp64d -misa-spec=20191213 -o CMakeFiles/cmTC_9bf74.dir/CMakeCXXCompilerABI.cpp.o /tmp/ccoDNzNu.s
GNU assembler version 2.41.50 (riscv64-unknown-linux-gnu) using BFD version (GNU Binutils) 2.41.50.20230814
COMPILER_PATH=/opt/spacemit-ai-sdk.v1.0.1/spacemit-gcc/bin/../libexec/gcc/riscv64-unknown-linux-gnu/13.1.1/:/opt/spacemit-ai-sdk.v1.0.1/spacemit-gcc/bin/../libexec/gcc/:/opt/spacemit-ai-sdk.v1.0.1/spacemit-gcc/bin/../lib/gcc/riscv64-unknown-linux-gnu/13.1.1/../../../../riscv64-unknown-linux-gnu/bin/
LIBRARY_PATH=/opt/spacemit-ai-sdk.v1.0.1/spacemit-gcc/bin/../lib/gcc/riscv64-unknown-linux-gnu/13.1.1/:/opt/spacemit-ai-sdk.v1.0.1/spacemit-gcc/bin/../lib/gcc/:/opt/spacemit-ai-sdk.v1.0.1/spacemit-gcc/bin/../lib/gcc/riscv64-unknown-linux-gnu/13.1.1/../../../../riscv64-unknown-linux-gnu/lib/:/opt/spacemit-ai-sdk.v1.0.1/spacemit-gcc/sysroot/lib64/lp64d/:/opt/spacemit-ai-sdk.v1.0.1/spacemit-gcc/sysroot/usr/lib64/lp64d/:/opt/spacemit-ai-sdk.v1.0.1/spacemit-gcc/sysroot/lib/
COLLECT_GCC_OPTIONS='--sysroot=/opt/spacemit-ai-sdk.v1.0.1/spacemit-gcc/sysroot' '-v' '-o' 'CMakeFiles/cmTC_9bf74.dir/CMakeCXXCompilerABI.cpp.o' '-c' '-shared-libgcc' '-mtune=rocket' '-march=rv64imafdc_zicsr' '-mabi=lp64d' '-misa-spec=20191213' '-march=rv64imafdc_zicsr' '-dumpdir' 'CMakeFiles/cmTC_9bf74.dir/CMakeCXXCompilerABI.cpp.'
Linking CXX executable cmTC_9bf74
/usr/bin/cmake -E cmake_link_script CMakeFiles/cmTC_9bf74.dir/link.txt --verbose=1
/opt/spacemit-ai-sdk.v1.0.1/spacemit-gcc/bin/riscv64-unknown-linux-gnu-g++ --sysroot=/opt/spacemit-ai-sdk.v1.0.1/spacemit-gcc/sysroot  -v CMakeFiles/cmTC_9bf74.dir/CMakeCXXCompilerABI.cpp.o -o cmTC_9bf74 
Using built-in specs.
COLLECT_GCC=/opt/spacemit-ai-sdk.v1.0.1/spacemit-gcc/bin/riscv64-unknown-linux-gnu-g++
COLLECT_LTO_WRAPPER=/opt/spacemit-ai-sdk.v1.0.1/spacemit-gcc/bin/../libexec/gcc/riscv64-unknown-linux-gnu/13.1.1/lto-wrapper
Target: riscv64-unknown-linux-gnu
Configured with: /root/ci/workspace/gcc_version_build/build_centos/../gcc/configure --target=riscv64-unknown-linux-gnu --prefix=/root/ci/workspace/gcc_version_build/gcc_install/centos --with-sysroot=/root/ci/workspace/gcc_version_build/gcc_install/centos/sysroot --with-pkgversion=g3b60f8d8d32 --with-system-zlib --enable-shared --enable-tls --enable-languages=c,c++,fortran --disable-libmudflap --disable-libssp --disable-libquadmath --disable-libsanitizer --disable-nls --disable-bootstrap --src=../../gcc --enable-multilib --with-abi=lp64d --with-arch=rv64imafdc --with-tune=rocket --with-isa-spec=20191213 'CFLAGS_FOR_TARGET=-O2    -mcmodel=medany' 'CXXFLAGS_FOR_TARGET=-O2    -mcmodel=medany'
Thread model: posix
Supported LTO compression algorithms: zlib
gcc version 13.1.1 20230619 (g3b60f8d8d32) 
COMPILER_PATH=/opt/spacemit-ai-sdk.v1.0.1/spacemit-gcc/bin/../libexec/gcc/riscv64-unknown-linux-gnu/13.1.1/:/opt/spacemit-ai-sdk.v1.0.1/spacemit-gcc/bin/../libexec/gcc/:/opt/spacemit-ai-sdk.v1.0.1/spacemit-gcc/bin/../lib/gcc/riscv64-unknown-linux-gnu/13.1.1/../../../../riscv64-unknown-linux-gnu/bin/
LIBRARY_PATH=/opt/spacemit-ai-sdk.v1.0.1/spacemit-gcc/bin/../lib/gcc/riscv64-unknown-linux-gnu/13.1.1/:/opt/spacemit-ai-sdk.v1.0.1/spacemit-gcc/bin/../lib/gcc/:/opt/spacemit-ai-sdk.v1.0.1/spacemit-gcc/bin/../lib/gcc/riscv64-unknown-linux-gnu/13.1.1/../../../../riscv64-unknown-linux-gnu/lib/:/opt/spacemit-ai-sdk.v1.0.1/spacemit-gcc/sysroot/lib64/lp64d/:/opt/spacemit-ai-sdk.v1.0.1/spacemit-gcc/sysroot/usr/lib64/lp64d/:/opt/spacemit-ai-sdk.v1.0.1/spacemit-gcc/sysroot/lib/
COLLECT_GCC_OPTIONS='--sysroot=/opt/spacemit-ai-sdk.v1.0.1/spacemit-gcc/sysroot' '-v' '-o' 'cmTC_9bf74' '-shared-libgcc' '-mtune=rocket' '-march=rv64imafdc_zicsr' '-mabi=lp64d' '-misa-spec=20191213' '-march=rv64imafdc_zicsr' '-dumpdir' 'cmTC_9bf74.'
 /opt/spacemit-ai-sdk.v1.0.1/spacemit-gcc/bin/../libexec/gcc/riscv64-unknown-linux-gnu/13.1.1/collect2 -plugin /opt/spacemit-ai-sdk.v1.0.1/spacemit-gcc/bin/../libexec/gcc/riscv64-unknown-linux-gnu/13.1.1/liblto_plugin.so -plugin-opt=/opt/spacemit-ai-sdk.v1.0.1/spacemit-gcc/bin/../libexec/gcc/riscv64-unknown-linux-gnu/13.1.1/lto-wrapper -plugin-opt=-fresolution=/tmp/ccwXzkPM.res -plugin-opt=-pass-through=-lgcc_s -plugin-opt=-pass-through=-lgcc -plugin-opt=-pass-through=-lc -plugin-opt=-pass-through=-lgcc_s -plugin-opt=-pass-through=-lgcc --sysroot=/opt/spacemit-ai-sdk.v1.0.1/spacemit-gcc/sysroot --eh-frame-hdr -melf64lriscv -dynamic-linker /lib/ld-linux-riscv64-lp64d.so.1 -o cmTC_9bf74 /opt/spacemit-ai-sdk.v1.0.1/spacemit-gcc/sysroot/usr/lib64/lp64d/crt1.o /opt/spacemit-ai-sdk.v1.0.1/spacemit-gcc/bin/../lib/gcc/riscv64-unknown-linux-gnu/13.1.1/crti.o /opt/spacemit-ai-sdk.v1.0.1/spacemit-gcc/bin/../lib/gcc/riscv64-unknown-linux-gnu/13.1.1/crtbegin.o -L/opt/spacemit-ai-sdk.v1.0.1/spacemit-gcc/bin/../lib/gcc/riscv64-unknown-linux-gnu/13.1.1 -L/opt/spacemit-ai-sdk.v1.0.1/spacemit-gcc/bin/../lib/gcc -L/opt/spacemit-ai-sdk.v1.0.1/spacemit-gcc/bin/../lib/gcc/riscv64-unknown-linux-gnu/13.1.1/../../../../riscv64-unknown-linux-gnu/lib -L/opt/spacemit-ai-sdk.v1.0.1/spacemit-gcc/sysroot/lib64/lp64d -L/opt/spacemit-ai-sdk.v1.0.1/spacemit-gcc/sysroot/usr/lib64/lp64d -L/opt/spacemit-ai-sdk.v1.0.1/spacemit-gcc/sysroot/lib CMakeFiles/cmTC_9bf74.dir/CMakeCXXCompilerABI.cpp.o -lstdc++ -lm -lgcc_s -lgcc -lc -lgcc_s -lgcc /opt/spacemit-ai-sdk.v1.0.1/spacemit-gcc/bin/../lib/gcc/riscv64-unknown-linux-gnu/13.1.1/crtend.o /opt/spacemit-ai-sdk.v1.0.1/spacemit-gcc/bin/../lib/gcc/riscv64-unknown-linux-gnu/13.1.1/crtn.o
COLLECT_GCC_OPTIONS='--sysroot=/opt/spacemit-ai-sdk.v1.0.1/spacemit-gcc/sysroot' '-v' '-o' 'cmTC_9bf74' '-shared-libgcc' '-mtune=rocket' '-march=rv64imafdc_zicsr' '-mabi=lp64d' '-misa-spec=20191213' '-march=rv64imafdc_zicsr' '-dumpdir' 'cmTC_9bf74.'
gmake[1]: Leaving directory '/home/qinhongjie/workspace/bianbu-ai-support/demo/build/CMakeFiles/CMakeTmp'



Parsed CXX implicit include dir info from above output: rv=done
  found start of include info
  found start of implicit include info
    add: [/opt/spacemit-ai-sdk.v1.0.1/spacemit-gcc/bin/../lib/gcc/riscv64-unknown-linux-gnu/13.1.1/../../../../riscv64-unknown-linux-gnu/include/c++/13.1.1]
    add: [/opt/spacemit-ai-sdk.v1.0.1/spacemit-gcc/bin/../lib/gcc/riscv64-unknown-linux-gnu/13.1.1/../../../../riscv64-unknown-linux-gnu/include/c++/13.1.1/riscv64-unknown-linux-gnu/.]
    add: [/opt/spacemit-ai-sdk.v1.0.1/spacemit-gcc/bin/../lib/gcc/riscv64-unknown-linux-gnu/13.1.1/../../../../riscv64-unknown-linux-gnu/include/c++/13.1.1/backward]
    add: [/opt/spacemit-ai-sdk.v1.0.1/spacemit-gcc/bin/../lib/gcc/riscv64-unknown-linux-gnu/13.1.1/include]
    add: [/opt/spacemit-ai-sdk.v1.0.1/spacemit-gcc/bin/../lib/gcc/riscv64-unknown-linux-gnu/13.1.1/include-fixed]
    add: [/opt/spacemit-ai-sdk.v1.0.1/spacemit-gcc/bin/../lib/gcc/riscv64-unknown-linux-gnu/13.1.1/../../../../riscv64-unknown-linux-gnu/include]
    add: [/opt/spacemit-ai-sdk.v1.0.1/spacemit-gcc/sysroot/usr/include]
  end of search list found
  collapse include dir [/opt/spacemit-ai-sdk.v1.0.1/spacemit-gcc/bin/../lib/gcc/riscv64-unknown-linux-gnu/13.1.1/../../../../riscv64-unknown-linux-gnu/include/c++/13.1.1] ==> [/opt/spacemit-ai-sdk.v1.0.1/spacemit-gcc/riscv64-unknown-linux-gnu/include/c++/13.1.1]
  collapse include dir [/opt/spacemit-ai-sdk.v1.0.1/spacemit-gcc/bin/../lib/gcc/riscv64-unknown-linux-gnu/13.1.1/../../../../riscv64-unknown-linux-gnu/include/c++/13.1.1/riscv64-unknown-linux-gnu/.] ==> [/opt/spacemit-ai-sdk.v1.0.1/spacemit-gcc/riscv64-unknown-linux-gnu/include/c++/13.1.1/riscv64-unknown-linux-gnu]
  collapse include dir [/opt/spacemit-ai-sdk.v1.0.1/spacemit-gcc/bin/../lib/gcc/riscv64-unknown-linux-gnu/13.1.1/../../../../riscv64-unknown-linux-gnu/include/c++/13.1.1/backward] ==> [/opt/spacemit-ai-sdk.v1.0.1/spacemit-gcc/riscv64-unknown-linux-gnu/include/c++/13.1.1/backward]
  collapse include dir [/opt/spacemit-ai-sdk.v1.0.1/spacemit-gcc/bin/../lib/gcc/riscv64-unknown-linux-gnu/13.1.1/include] ==> [/opt/spacemit-ai-sdk.v1.0.1/spacemit-gcc/lib/gcc/riscv64-unknown-linux-gnu/13.1.1/include]
  collapse include dir [/opt/spacemit-ai-sdk.v1.0.1/spacemit-gcc/bin/../lib/gcc/riscv64-unknown-linux-gnu/13.1.1/include-fixed] ==> [/opt/spacemit-ai-sdk.v1.0.1/spacemit-gcc/lib/gcc/riscv64-unknown-linux-gnu/13.1.1/include-fixed]
  collapse include dir [/opt/spacemit-ai-sdk.v1.0.1/spacemit-gcc/bin/../lib/gcc/riscv64-unknown-linux-gnu/13.1.1/../../../../riscv64-unknown-linux-gnu/include] ==> [/opt/spacemit-ai-sdk.v1.0.1/spacemit-gcc/riscv64-unknown-linux-gnu/include]
  collapse include dir [/opt/spacemit-ai-sdk.v1.0.1/spacemit-gcc/sysroot/usr/include] ==> [/opt/spacemit-ai-sdk.v1.0.1/spacemit-gcc/sysroot/usr/include]
  implicit include dirs: [/opt/spacemit-ai-sdk.v1.0.1/spacemit-gcc/riscv64-unknown-linux-gnu/include/c++/13.1.1;/opt/spacemit-ai-sdk.v1.0.1/spacemit-gcc/riscv64-unknown-linux-gnu/include/c++/13.1.1/riscv64-unknown-linux-gnu;/opt/spacemit-ai-sdk.v1.0.1/spacemit-gcc/riscv64-unknown-linux-gnu/include/c++/13.1.1/backward;/opt/spacemit-ai-sdk.v1.0.1/spacemit-gcc/lib/gcc/riscv64-unknown-linux-gnu/13.1.1/include;/opt/spacemit-ai-sdk.v1.0.1/spacemit-gcc/lib/gcc/riscv64-unknown-linux-gnu/13.1.1/include-fixed;/opt/spacemit-ai-sdk.v1.0.1/spacemit-gcc/riscv64-unknown-linux-gnu/include;/opt/spacemit-ai-sdk.v1.0.1/spacemit-gcc/sysroot/usr/include]


Parsed CXX implicit link information from above output:
  link line regex: [^( *|.*[/\])(riscv64-unknown-linux-gnu-ld|CMAKE_LINK_STARTFILE-NOTFOUND|([^/\]+-)?ld|collect2)[^/\]*( |$)]
  ignore line: [Change Dir: /home/qinhongjie/workspace/bianbu-ai-support/demo/build/CMakeFiles/CMakeTmp]
  ignore line: []
  ignore line: [Run Build Command(s):/usr/bin/gmake -f Makefile cmTC_9bf74/fast && /usr/bin/gmake  -f CMakeFiles/cmTC_9bf74.dir/build.make CMakeFiles/cmTC_9bf74.dir/build]
  ignore line: [gmake[1]: Entering directory '/home/qinhongjie/workspace/bianbu-ai-support/demo/build/CMakeFiles/CMakeTmp']
  ignore line: [Building CXX object CMakeFiles/cmTC_9bf74.dir/CMakeCXXCompilerABI.cpp.o]
  ignore line: [/opt/spacemit-ai-sdk.v1.0.1/spacemit-gcc/bin/riscv64-unknown-linux-gnu-g++ --sysroot=/opt/spacemit-ai-sdk.v1.0.1/spacemit-gcc/sysroot   -v -o CMakeFiles/cmTC_9bf74.dir/CMakeCXXCompilerABI.cpp.o -c /usr/share/cmake-3.22/Modules/CMakeCXXCompilerABI.cpp]
  ignore line: [Using built-in specs.]
  ignore line: [COLLECT_GCC=/opt/spacemit-ai-sdk.v1.0.1/spacemit-gcc/bin/riscv64-unknown-linux-gnu-g++]
  ignore line: [Target: riscv64-unknown-linux-gnu]
  ignore line: [Configured with: /root/ci/workspace/gcc_version_build/build_centos/../gcc/configure --target=riscv64-unknown-linux-gnu --prefix=/root/ci/workspace/gcc_version_build/gcc_install/centos --with-sysroot=/root/ci/workspace/gcc_version_build/gcc_install/centos/sysroot --with-pkgversion=g3b60f8d8d32 --with-system-zlib --enable-shared --enable-tls --enable-languages=c c++ fortran --disable-libmudflap --disable-libssp --disable-libquadmath --disable-libsanitizer --disable-nls --disable-bootstrap --src=../../gcc --enable-multilib --with-abi=lp64d --with-arch=rv64imafdc --with-tune=rocket --with-isa-spec=20191213 'CFLAGS_FOR_TARGET=-O2    -mcmodel=medany' 'CXXFLAGS_FOR_TARGET=-O2    -mcmodel=medany']
  ignore line: [Thread model: posix]
  ignore line: [Supported LTO compression algorithms: zlib]
  ignore line: [gcc version 13.1.1 20230619 (g3b60f8d8d32) ]
  ignore line: [COLLECT_GCC_OPTIONS='--sysroot=/opt/spacemit-ai-sdk.v1.0.1/spacemit-gcc/sysroot' '-v' '-o' 'CMakeFiles/cmTC_9bf74.dir/CMakeCXXCompilerABI.cpp.o' '-c' '-shared-libgcc' '-mtune=rocket' '-march=rv64imafdc_zicsr' '-mabi=lp64d' '-misa-spec=20191213' '-march=rv64imafdc_zicsr' '-dumpdir' 'CMakeFiles/cmTC_9bf74.dir/']
  ignore line: [ /opt/spacemit-ai-sdk.v1.0.1/spacemit-gcc/bin/../libexec/gcc/riscv64-unknown-linux-gnu/13.1.1/cc1plus -quiet -v -imultilib . -iprefix /opt/spacemit-ai-sdk.v1.0.1/spacemit-gcc/bin/../lib/gcc/riscv64-unknown-linux-gnu/13.1.1/ -isysroot /opt/spacemit-ai-sdk.v1.0.1/spacemit-gcc/sysroot -D_GNU_SOURCE /usr/share/cmake-3.22/Modules/CMakeCXXCompilerABI.cpp -quiet -dumpdir CMakeFiles/cmTC_9bf74.dir/ -dumpbase CMakeCXXCompilerABI.cpp.cpp -dumpbase-ext .cpp -mtune=rocket -march=rv64imafdc_zicsr -mabi=lp64d -misa-spec=20191213 -march=rv64imafdc_zicsr -version -o /tmp/ccoDNzNu.s]
  ignore line: [GNU C++17 (g3b60f8d8d32) version 13.1.1 20230619 (riscv64-unknown-linux-gnu)]
  ignore line: [	compiled by GNU C version 8.3.1 20190311 (Red Hat 8.3.1-3)  GMP version 6.2.1  MPFR version 4.1.0  MPC version 1.2.1  isl version isl-0.18-GMP]
  ignore line: []
  ignore line: [GGC heuristics: --param ggc-min-expand=100 --param ggc-min-heapsize=131072]
  ignore line: [ignoring duplicate directory "/opt/spacemit-ai-sdk.v1.0.1/spacemit-gcc/bin/../lib/gcc/../../lib/gcc/riscv64-unknown-linux-gnu/13.1.1/../../../../riscv64-unknown-linux-gnu/include/c++/13.1.1"]
  ignore line: [ignoring duplicate directory "/opt/spacemit-ai-sdk.v1.0.1/spacemit-gcc/bin/../lib/gcc/../../lib/gcc/riscv64-unknown-linux-gnu/13.1.1/../../../../riscv64-unknown-linux-gnu/include/c++/13.1.1/riscv64-unknown-linux-gnu/."]
  ignore line: [ignoring duplicate directory "/opt/spacemit-ai-sdk.v1.0.1/spacemit-gcc/bin/../lib/gcc/../../lib/gcc/riscv64-unknown-linux-gnu/13.1.1/../../../../riscv64-unknown-linux-gnu/include/c++/13.1.1/backward"]
  ignore line: [ignoring duplicate directory "/opt/spacemit-ai-sdk.v1.0.1/spacemit-gcc/bin/../lib/gcc/../../lib/gcc/riscv64-unknown-linux-gnu/13.1.1/include"]
  ignore line: [ignoring nonexistent directory "/opt/spacemit-ai-sdk.v1.0.1/spacemit-gcc/sysroot/usr/local/include"]
  ignore line: [ignoring duplicate directory "/opt/spacemit-ai-sdk.v1.0.1/spacemit-gcc/bin/../lib/gcc/../../lib/gcc/riscv64-unknown-linux-gnu/13.1.1/include-fixed"]
  ignore line: [ignoring duplicate directory "/opt/spacemit-ai-sdk.v1.0.1/spacemit-gcc/bin/../lib/gcc/../../lib/gcc/riscv64-unknown-linux-gnu/13.1.1/../../../../riscv64-unknown-linux-gnu/include"]
  ignore line: [#include "..." search starts here:]
  ignore line: [#include <...> search starts here:]
  ignore line: [ /opt/spacemit-ai-sdk.v1.0.1/spacemit-gcc/bin/../lib/gcc/riscv64-unknown-linux-gnu/13.1.1/../../../../riscv64-unknown-linux-gnu/include/c++/13.1.1]
  ignore line: [ /opt/spacemit-ai-sdk.v1.0.1/spacemit-gcc/bin/../lib/gcc/riscv64-unknown-linux-gnu/13.1.1/../../../../riscv64-unknown-linux-gnu/include/c++/13.1.1/riscv64-unknown-linux-gnu/.]
  ignore line: [ /opt/spacemit-ai-sdk.v1.0.1/spacemit-gcc/bin/../lib/gcc/riscv64-unknown-linux-gnu/13.1.1/../../../../riscv64-unknown-linux-gnu/include/c++/13.1.1/backward]
  ignore line: [ /opt/spacemit-ai-sdk.v1.0.1/spacemit-gcc/bin/../lib/gcc/riscv64-unknown-linux-gnu/13.1.1/include]
  ignore line: [ /opt/spacemit-ai-sdk.v1.0.1/spacemit-gcc/bin/../lib/gcc/riscv64-unknown-linux-gnu/13.1.1/include-fixed]
  ignore line: [ /opt/spacemit-ai-sdk.v1.0.1/spacemit-gcc/bin/../lib/gcc/riscv64-unknown-linux-gnu/13.1.1/../../../../riscv64-unknown-linux-gnu/include]
  ignore line: [ /opt/spacemit-ai-sdk.v1.0.1/spacemit-gcc/sysroot/usr/include]
  ignore line: [End of search list.]
  ignore line: [Compiler executable checksum: 8b239452b911809baa410cf0e16549e9]
  ignore line: [COLLECT_GCC_OPTIONS='--sysroot=/opt/spacemit-ai-sdk.v1.0.1/spacemit-gcc/sysroot' '-v' '-o' 'CMakeFiles/cmTC_9bf74.dir/CMakeCXXCompilerABI.cpp.o' '-c' '-shared-libgcc' '-mtune=rocket' '-march=rv64imafdc_zicsr' '-mabi=lp64d' '-misa-spec=20191213' '-march=rv64imafdc_zicsr' '-dumpdir' 'CMakeFiles/cmTC_9bf74.dir/']
  ignore line: [ /opt/spacemit-ai-sdk.v1.0.1/spacemit-gcc/bin/../lib/gcc/riscv64-unknown-linux-gnu/13.1.1/../../../../riscv64-unknown-linux-gnu/bin/as -v --traditional-format -march=rv64imafdc_zicsr -march=rv64imafdc_zicsr -mabi=lp64d -misa-spec=20191213 -o CMakeFiles/cmTC_9bf74.dir/CMakeCXXCompilerABI.cpp.o /tmp/ccoDNzNu.s]
  ignore line: [GNU assembler version 2.41.50 (riscv64-unknown-linux-gnu) using BFD version (GNU Binutils) 2.41.50.20230814]
  ignore line: [COMPILER_PATH=/opt/spacemit-ai-sdk.v1.0.1/spacemit-gcc/bin/../libexec/gcc/riscv64-unknown-linux-gnu/13.1.1/:/opt/spacemit-ai-sdk.v1.0.1/spacemit-gcc/bin/../libexec/gcc/:/opt/spacemit-ai-sdk.v1.0.1/spacemit-gcc/bin/../lib/gcc/riscv64-unknown-linux-gnu/13.1.1/../../../../riscv64-unknown-linux-gnu/bin/]
  ignore line: [LIBRARY_PATH=/opt/spacemit-ai-sdk.v1.0.1/spacemit-gcc/bin/../lib/gcc/riscv64-unknown-linux-gnu/13.1.1/:/opt/spacemit-ai-sdk.v1.0.1/spacemit-gcc/bin/../lib/gcc/:/opt/spacemit-ai-sdk.v1.0.1/spacemit-gcc/bin/../lib/gcc/riscv64-unknown-linux-gnu/13.1.1/../../../../riscv64-unknown-linux-gnu/lib/:/opt/spacemit-ai-sdk.v1.0.1/spacemit-gcc/sysroot/lib64/lp64d/:/opt/spacemit-ai-sdk.v1.0.1/spacemit-gcc/sysroot/usr/lib64/lp64d/:/opt/spacemit-ai-sdk.v1.0.1/spacemit-gcc/sysroot/lib/]
  ignore line: [COLLECT_GCC_OPTIONS='--sysroot=/opt/spacemit-ai-sdk.v1.0.1/spacemit-gcc/sysroot' '-v' '-o' 'CMakeFiles/cmTC_9bf74.dir/CMakeCXXCompilerABI.cpp.o' '-c' '-shared-libgcc' '-mtune=rocket' '-march=rv64imafdc_zicsr' '-mabi=lp64d' '-misa-spec=20191213' '-march=rv64imafdc_zicsr' '-dumpdir' 'CMakeFiles/cmTC_9bf74.dir/CMakeCXXCompilerABI.cpp.']
  ignore line: [Linking CXX executable cmTC_9bf74]
  ignore line: [/usr/bin/cmake -E cmake_link_script CMakeFiles/cmTC_9bf74.dir/link.txt --verbose=1]
  ignore line: [/opt/spacemit-ai-sdk.v1.0.1/spacemit-gcc/bin/riscv64-unknown-linux-gnu-g++ --sysroot=/opt/spacemit-ai-sdk.v1.0.1/spacemit-gcc/sysroot  -v CMakeFiles/cmTC_9bf74.dir/CMakeCXXCompilerABI.cpp.o -o cmTC_9bf74 ]
  ignore line: [Using built-in specs.]
  ignore line: [COLLECT_GCC=/opt/spacemit-ai-sdk.v1.0.1/spacemit-gcc/bin/riscv64-unknown-linux-gnu-g++]
  ignore line: [COLLECT_LTO_WRAPPER=/opt/spacemit-ai-sdk.v1.0.1/spacemit-gcc/bin/../libexec/gcc/riscv64-unknown-linux-gnu/13.1.1/lto-wrapper]
  ignore line: [Target: riscv64-unknown-linux-gnu]
  ignore line: [Configured with: /root/ci/workspace/gcc_version_build/build_centos/../gcc/configure --target=riscv64-unknown-linux-gnu --prefix=/root/ci/workspace/gcc_version_build/gcc_install/centos --with-sysroot=/root/ci/workspace/gcc_version_build/gcc_install/centos/sysroot --with-pkgversion=g3b60f8d8d32 --with-system-zlib --enable-shared --enable-tls --enable-languages=c c++ fortran --disable-libmudflap --disable-libssp --disable-libquadmath --disable-libsanitizer --disable-nls --disable-bootstrap --src=../../gcc --enable-multilib --with-abi=lp64d --with-arch=rv64imafdc --with-tune=rocket --with-isa-spec=20191213 'CFLAGS_FOR_TARGET=-O2    -mcmodel=medany' 'CXXFLAGS_FOR_TARGET=-O2    -mcmodel=medany']
  ignore line: [Thread model: posix]
  ignore line: [Supported LTO compression algorithms: zlib]
  ignore line: [gcc version 13.1.1 20230619 (g3b60f8d8d32) ]
  ignore line: [COMPILER_PATH=/opt/spacemit-ai-sdk.v1.0.1/spacemit-gcc/bin/../libexec/gcc/riscv64-unknown-linux-gnu/13.1.1/:/opt/spacemit-ai-sdk.v1.0.1/spacemit-gcc/bin/../libexec/gcc/:/opt/spacemit-ai-sdk.v1.0.1/spacemit-gcc/bin/../lib/gcc/riscv64-unknown-linux-gnu/13.1.1/../../../../riscv64-unknown-linux-gnu/bin/]
  ignore line: [LIBRARY_PATH=/opt/spacemit-ai-sdk.v1.0.1/spacemit-gcc/bin/../lib/gcc/riscv64-unknown-linux-gnu/13.1.1/:/opt/spacemit-ai-sdk.v1.0.1/spacemit-gcc/bin/../lib/gcc/:/opt/spacemit-ai-sdk.v1.0.1/spacemit-gcc/bin/../lib/gcc/riscv64-unknown-linux-gnu/13.1.1/../../../../riscv64-unknown-linux-gnu/lib/:/opt/spacemit-ai-sdk.v1.0.1/spacemit-gcc/sysroot/lib64/lp64d/:/opt/spacemit-ai-sdk.v1.0.1/spacemit-gcc/sysroot/usr/lib64/lp64d/:/opt/spacemit-ai-sdk.v1.0.1/spacemit-gcc/sysroot/lib/]
  ignore line: [COLLECT_GCC_OPTIONS='--sysroot=/opt/spacemit-ai-sdk.v1.0.1/spacemit-gcc/sysroot' '-v' '-o' 'cmTC_9bf74' '-shared-libgcc' '-mtune=rocket' '-march=rv64imafdc_zicsr' '-mabi=lp64d' '-misa-spec=20191213' '-march=rv64imafdc_zicsr' '-dumpdir' 'cmTC_9bf74.']
  link line: [ /opt/spacemit-ai-sdk.v1.0.1/spacemit-gcc/bin/../libexec/gcc/riscv64-unknown-linux-gnu/13.1.1/collect2 -plugin /opt/spacemit-ai-sdk.v1.0.1/spacemit-gcc/bin/../libexec/gcc/riscv64-unknown-linux-gnu/13.1.1/liblto_plugin.so -plugin-opt=/opt/spacemit-ai-sdk.v1.0.1/spacemit-gcc/bin/../libexec/gcc/riscv64-unknown-linux-gnu/13.1.1/lto-wrapper -plugin-opt=-fresolution=/tmp/ccwXzkPM.res -plugin-opt=-pass-through=-lgcc_s -plugin-opt=-pass-through=-lgcc -plugin-opt=-pass-through=-lc -plugin-opt=-pass-through=-lgcc_s -plugin-opt=-pass-through=-lgcc --sysroot=/opt/spacemit-ai-sdk.v1.0.1/spacemit-gcc/sysroot --eh-frame-hdr -melf64lriscv -dynamic-linker /lib/ld-linux-riscv64-lp64d.so.1 -o cmTC_9bf74 /opt/spacemit-ai-sdk.v1.0.1/spacemit-gcc/sysroot/usr/lib64/lp64d/crt1.o /opt/spacemit-ai-sdk.v1.0.1/spacemit-gcc/bin/../lib/gcc/riscv64-unknown-linux-gnu/13.1.1/crti.o /opt/spacemit-ai-sdk.v1.0.1/spacemit-gcc/bin/../lib/gcc/riscv64-unknown-linux-gnu/13.1.1/crtbegin.o -L/opt/spacemit-ai-sdk.v1.0.1/spacemit-gcc/bin/../lib/gcc/riscv64-unknown-linux-gnu/13.1.1 -L/opt/spacemit-ai-sdk.v1.0.1/spacemit-gcc/bin/../lib/gcc -L/opt/spacemit-ai-sdk.v1.0.1/spacemit-gcc/bin/../lib/gcc/riscv64-unknown-linux-gnu/13.1.1/../../../../riscv64-unknown-linux-gnu/lib -L/opt/spacemit-ai-sdk.v1.0.1/spacemit-gcc/sysroot/lib64/lp64d -L/opt/spacemit-ai-sdk.v1.0.1/spacemit-gcc/sysroot/usr/lib64/lp64d -L/opt/spacemit-ai-sdk.v1.0.1/spacemit-gcc/sysroot/lib CMakeFiles/cmTC_9bf74.dir/CMakeCXXCompilerABI.cpp.o -lstdc++ -lm -lgcc_s -lgcc -lc -lgcc_s -lgcc /opt/spacemit-ai-sdk.v1.0.1/spacemit-gcc/bin/../lib/gcc/riscv64-unknown-linux-gnu/13.1.1/crtend.o /opt/spacemit-ai-sdk.v1.0.1/spacemit-gcc/bin/../lib/gcc/riscv64-unknown-linux-gnu/13.1.1/crtn.o]
    arg [/opt/spacemit-ai-sdk.v1.0.1/spacemit-gcc/bin/../libexec/gcc/riscv64-unknown-linux-gnu/13.1.1/collect2] ==> ignore
    arg [-plugin] ==> ignore
    arg [/opt/spacemit-ai-sdk.v1.0.1/spacemit-gcc/bin/../libexec/gcc/riscv64-unknown-linux-gnu/13.1.1/liblto_plugin.so] ==> ignore
    arg [-plugin-opt=/opt/spacemit-ai-sdk.v1.0.1/spacemit-gcc/bin/../libexec/gcc/riscv64-unknown-linux-gnu/13.1.1/lto-wrapper] ==> ignore
    arg [-plugin-opt=-fresolution=/tmp/ccwXzkPM.res] ==> ignore
    arg [-plugin-opt=-pass-through=-lgcc_s] ==> ignore
    arg [-plugin-opt=-pass-through=-lgcc] ==> ignore
    arg [-plugin-opt=-pass-through=-lc] ==> ignore
    arg [-plugin-opt=-pass-through=-lgcc_s] ==> ignore
    arg [-plugin-opt=-pass-through=-lgcc] ==> ignore
    arg [--sysroot=/opt/spacemit-ai-sdk.v1.0.1/spacemit-gcc/sysroot] ==> ignore
    arg [--eh-frame-hdr] ==> ignore
    arg [-melf64lriscv] ==> ignore
    arg [-dynamic-linker] ==> ignore
    arg [/lib/ld-linux-riscv64-lp64d.so.1] ==> ignore
    arg [-o] ==> ignore
    arg [cmTC_9bf74] ==> ignore
    arg [/opt/spacemit-ai-sdk.v1.0.1/spacemit-gcc/sysroot/usr/lib64/lp64d/crt1.o] ==> obj [/opt/spacemit-ai-sdk.v1.0.1/spacemit-gcc/sysroot/usr/lib64/lp64d/crt1.o]
    arg [/opt/spacemit-ai-sdk.v1.0.1/spacemit-gcc/bin/../lib/gcc/riscv64-unknown-linux-gnu/13.1.1/crti.o] ==> obj [/opt/spacemit-ai-sdk.v1.0.1/spacemit-gcc/bin/../lib/gcc/riscv64-unknown-linux-gnu/13.1.1/crti.o]
    arg [/opt/spacemit-ai-sdk.v1.0.1/spacemit-gcc/bin/../lib/gcc/riscv64-unknown-linux-gnu/13.1.1/crtbegin.o] ==> obj [/opt/spacemit-ai-sdk.v1.0.1/spacemit-gcc/bin/../lib/gcc/riscv64-unknown-linux-gnu/13.1.1/crtbegin.o]
    arg [-L/opt/spacemit-ai-sdk.v1.0.1/spacemit-gcc/bin/../lib/gcc/riscv64-unknown-linux-gnu/13.1.1] ==> dir [/opt/spacemit-ai-sdk.v1.0.1/spacemit-gcc/bin/../lib/gcc/riscv64-unknown-linux-gnu/13.1.1]
    arg [-L/opt/spacemit-ai-sdk.v1.0.1/spacemit-gcc/bin/../lib/gcc] ==> dir [/opt/spacemit-ai-sdk.v1.0.1/spacemit-gcc/bin/../lib/gcc]
    arg [-L/opt/spacemit-ai-sdk.v1.0.1/spacemit-gcc/bin/../lib/gcc/riscv64-unknown-linux-gnu/13.1.1/../../../../riscv64-unknown-linux-gnu/lib] ==> dir [/opt/spacemit-ai-sdk.v1.0.1/spacemit-gcc/bin/../lib/gcc/riscv64-unknown-linux-gnu/13.1.1/../../../../riscv64-unknown-linux-gnu/lib]
    arg [-L/opt/spacemit-ai-sdk.v1.0.1/spacemit-gcc/sysroot/lib64/lp64d] ==> dir [/opt/spacemit-ai-sdk.v1.0.1/spacemit-gcc/sysroot/lib64/lp64d]
    arg [-L/opt/spacemit-ai-sdk.v1.0.1/spacemit-gcc/sysroot/usr/lib64/lp64d] ==> dir [/opt/spacemit-ai-sdk.v1.0.1/spacemit-gcc/sysroot/usr/lib64/lp64d]
    arg [-L/opt/spacemit-ai-sdk.v1.0.1/spacemit-gcc/sysroot/lib] ==> dir [/opt/spacemit-ai-sdk.v1.0.1/spacemit-gcc/sysroot/lib]
    arg [CMakeFiles/cmTC_9bf74.dir/CMakeCXXCompilerABI.cpp.o] ==> ignore
    arg [-lstdc++] ==> lib [stdc++]
    arg [-lm] ==> lib [m]
    arg [-lgcc_s] ==> lib [gcc_s]
    arg [-lgcc] ==> lib [gcc]
    arg [-lc] ==> lib [c]
    arg [-lgcc_s] ==> lib [gcc_s]
    arg [-lgcc] ==> lib [gcc]
    arg [/opt/spacemit-ai-sdk.v1.0.1/spacemit-gcc/bin/../lib/gcc/riscv64-unknown-linux-gnu/13.1.1/crtend.o] ==> obj [/opt/spacemit-ai-sdk.v1.0.1/spacemit-gcc/bin/../lib/gcc/riscv64-unknown-linux-gnu/13.1.1/crtend.o]
    arg [/opt/spacemit-ai-sdk.v1.0.1/spacemit-gcc/bin/../lib/gcc/riscv64-unknown-linux-gnu/13.1.1/crtn.o] ==> obj [/opt/spacemit-ai-sdk.v1.0.1/spacemit-gcc/bin/../lib/gcc/riscv64-unknown-linux-gnu/13.1.1/crtn.o]
  collapse obj [/opt/spacemit-ai-sdk.v1.0.1/spacemit-gcc/bin/../lib/gcc/riscv64-unknown-linux-gnu/13.1.1/crti.o] ==> [/opt/spacemit-ai-sdk.v1.0.1/spacemit-gcc/lib/gcc/riscv64-unknown-linux-gnu/13.1.1/crti.o]
  collapse obj [/opt/spacemit-ai-sdk.v1.0.1/spacemit-gcc/bin/../lib/gcc/riscv64-unknown-linux-gnu/13.1.1/crtbegin.o] ==> [/opt/spacemit-ai-sdk.v1.0.1/spacemit-gcc/lib/gcc/riscv64-unknown-linux-gnu/13.1.1/crtbegin.o]
  collapse obj [/opt/spacemit-ai-sdk.v1.0.1/spacemit-gcc/bin/../lib/gcc/riscv64-unknown-linux-gnu/13.1.1/crtend.o] ==> [/opt/spacemit-ai-sdk.v1.0.1/spacemit-gcc/lib/gcc/riscv64-unknown-linux-gnu/13.1.1/crtend.o]
  collapse obj [/opt/spacemit-ai-sdk.v1.0.1/spacemit-gcc/bin/../lib/gcc/riscv64-unknown-linux-gnu/13.1.1/crtn.o] ==> [/opt/spacemit-ai-sdk.v1.0.1/spacemit-gcc/lib/gcc/riscv64-unknown-linux-gnu/13.1.1/crtn.o]
  collapse library dir [/opt/spacemit-ai-sdk.v1.0.1/spacemit-gcc/bin/../lib/gcc/riscv64-unknown-linux-gnu/13.1.1] ==> [/opt/spacemit-ai-sdk.v1.0.1/spacemit-gcc/lib/gcc/riscv64-unknown-linux-gnu/13.1.1]
  collapse library dir [/opt/spacemit-ai-sdk.v1.0.1/spacemit-gcc/bin/../lib/gcc] ==> [/opt/spacemit-ai-sdk.v1.0.1/spacemit-gcc/lib/gcc]
  collapse library dir [/opt/spacemit-ai-sdk.v1.0.1/spacemit-gcc/bin/../lib/gcc/riscv64-unknown-linux-gnu/13.1.1/../../../../riscv64-unknown-linux-gnu/lib] ==> [/opt/spacemit-ai-sdk.v1.0.1/spacemit-gcc/riscv64-unknown-linux-gnu/lib]
  collapse library dir [/opt/spacemit-ai-sdk.v1.0.1/spacemit-gcc/sysroot/lib64/lp64d] ==> [/opt/spacemit-ai-sdk.v1.0.1/spacemit-gcc/sysroot/lib64/lp64d]
  collapse library dir [/opt/spacemit-ai-sdk.v1.0.1/spacemit-gcc/sysroot/usr/lib64/lp64d] ==> [/opt/spacemit-ai-sdk.v1.0.1/spacemit-gcc/sysroot/usr/lib64/lp64d]
  collapse library dir [/opt/spacemit-ai-sdk.v1.0.1/spacemit-gcc/sysroot/lib] ==> [/opt/spacemit-ai-sdk.v1.0.1/spacemit-gcc/sysroot/lib]
  implicit libs: [stdc++;m;gcc_s;gcc;c;gcc_s;gcc]
  implicit objs: [/opt/spacemit-ai-sdk.v1.0.1/spacemit-gcc/sysroot/usr/lib64/lp64d/crt1.o;/opt/spacemit-ai-sdk.v1.0.1/spacemit-gcc/lib/gcc/riscv64-unknown-linux-gnu/13.1.1/crti.o;/opt/spacemit-ai-sdk.v1.0.1/spacemit-gcc/lib/gcc/riscv64-unknown-linux-gnu/13.1.1/crtbegin.o;/opt/spacemit-ai-sdk.v1.0.1/spacemit-gcc/lib/gcc/riscv64-unknown-linux-gnu/13.1.1/crtend.o;/opt/spacemit-ai-sdk.v1.0.1/spacemit-gcc/lib/gcc/riscv64-unknown-linux-gnu/13.1.1/crtn.o]
  implicit dirs: [/opt/spacemit-ai-sdk.v1.0.1/spacemit-gcc/lib/gcc/riscv64-unknown-linux-gnu/13.1.1;/opt/spacemit-ai-sdk.v1.0.1/spacemit-gcc/lib/gcc;/opt/spacemit-ai-sdk.v1.0.1/spacemit-gcc/riscv64-unknown-linux-gnu/lib;/opt/spacemit-ai-sdk.v1.0.1/spacemit-gcc/sysroot/lib64/lp64d;/opt/spacemit-ai-sdk.v1.0.1/spacemit-gcc/sysroot/usr/lib64/lp64d;/opt/spacemit-ai-sdk.v1.0.1/spacemit-gcc/sysroot/lib]
  implicit fwks: []


Determining if the include file pthread.h exists passed with the following output:
Change Dir: /home/qinhongjie/workspace/bianbu-ai-support/demo/build/CMakeFiles/CMakeTmp

Run Build Command(s):/usr/bin/gmake -f Makefile cmTC_2093e/fast && /usr/bin/gmake  -f CMakeFiles/cmTC_2093e.dir/build.make CMakeFiles/cmTC_2093e.dir/build
gmake[1]: Entering directory '/home/qinhongjie/workspace/bianbu-ai-support/demo/build/CMakeFiles/CMakeTmp'
Building C object CMakeFiles/cmTC_2093e.dir/CheckIncludeFile.c.o
/opt/spacemit-ai-sdk.v1.0.1/spacemit-gcc/bin/riscv64-unknown-linux-gnu-gcc --sysroot=/opt/spacemit-ai-sdk.v1.0.1/spacemit-gcc/sysroot    -o CMakeFiles/cmTC_2093e.dir/CheckIncludeFile.c.o -c /home/qinhongjie/workspace/bianbu-ai-support/demo/build/CMakeFiles/CMakeTmp/CheckIncludeFile.c
Linking C executable cmTC_2093e
/usr/bin/cmake -E cmake_link_script CMakeFiles/cmTC_2093e.dir/link.txt --verbose=1
/opt/spacemit-ai-sdk.v1.0.1/spacemit-gcc/bin/riscv64-unknown-linux-gnu-gcc --sysroot=/opt/spacemit-ai-sdk.v1.0.1/spacemit-gcc/sysroot  -Wl,-rpath-link,/opt/spacemit-ai-sdk.v1.0.1/bianbu-ai-support/lib:/opt/spacemit-ai-sdk.v1.0.1/bianbu-ai-support/lib/3rdparty/opencv4/lib:/opt/spacemit-ai-sdk.v1.0.1/bianbu-ai-support/lib/3rdparty/opencv4/lib/3rdparty:/opt/spacemit-ai-sdk.v1.0.1/spacemit-ort/lib  CMakeFiles/cmTC_2093e.dir/CheckIncludeFile.c.o -o cmTC_2093e 
gmake[1]: Leaving directory '/home/qinhongjie/workspace/bianbu-ai-support/demo/build/CMakeFiles/CMakeTmp'



Performing C SOURCE FILE Test CMAKE_HAVE_LIBC_PTHREAD succeeded with the following output:
Change Dir: /home/qinhongjie/workspace/bianbu-ai-support/demo/build/CMakeFiles/CMakeTmp

Run Build Command(s):/usr/bin/gmake -f Makefile cmTC_237ca/fast && /usr/bin/gmake  -f CMakeFiles/cmTC_237ca.dir/build.make CMakeFiles/cmTC_237ca.dir/build
gmake[1]: Entering directory '/home/qinhongjie/workspace/bianbu-ai-support/demo/build/CMakeFiles/CMakeTmp'
Building C object CMakeFiles/cmTC_237ca.dir/src.c.o
/opt/spacemit-ai-sdk.v1.0.1/spacemit-gcc/bin/riscv64-unknown-linux-gnu-gcc --sysroot=/opt/spacemit-ai-sdk.v1.0.1/spacemit-gcc/sysroot -DCMAKE_HAVE_LIBC_PTHREAD   -o CMakeFiles/cmTC_237ca.dir/src.c.o -c /home/qinhongjie/workspace/bianbu-ai-support/demo/build/CMakeFiles/CMakeTmp/src.c
Linking C executable cmTC_237ca
/usr/bin/cmake -E cmake_link_script CMakeFiles/cmTC_237ca.dir/link.txt --verbose=1
/opt/spacemit-ai-sdk.v1.0.1/spacemit-gcc/bin/riscv64-unknown-linux-gnu-gcc --sysroot=/opt/spacemit-ai-sdk.v1.0.1/spacemit-gcc/sysroot  -Wl,-rpath-link,/opt/spacemit-ai-sdk.v1.0.1/bianbu-ai-support/lib:/opt/spacemit-ai-sdk.v1.0.1/bianbu-ai-support/lib/3rdparty/opencv4/lib:/opt/spacemit-ai-sdk.v1.0.1/bianbu-ai-support/lib/3rdparty/opencv4/lib/3rdparty:/opt/spacemit-ai-sdk.v1.0.1/spacemit-ort/lib  CMakeFiles/cmTC_237ca.dir/src.c.o -o cmTC_237ca 
gmake[1]: Leaving directory '/home/qinhongjie/workspace/bianbu-ai-support/demo/build/CMakeFiles/CMakeTmp'


Source file was:
#include <pthread.h>

static void* test_func(void* data)
{
  return data;
}

int main(void)
{
  pthread_t thread;
  pthread_create(&thread, NULL, test_func, NULL);
  pthread_detach(thread);
  pthread_cancel(thread);
  pthread_join(thread, NULL);
  pthread_atfork(NULL, NULL, NULL);
  pthread_exit(NULL);

  return 0;
}

